This file contains any messages produced by compilers while
running configure, to aid debugging if configure makes a mistake.

It was created by netopeer-server configure 0.8.0, which was
generated by GNU Autoconf 2.69.  Invocation command line was

  $ ./configure --enable-tls

## --------- ##
## Platform. ##
## --------- ##

hostname = netopeer-gui
uname -m = x86_64
uname -r = 2.6.32-504.16.2.el6.x86_64
uname -s = Linux
uname -v = #1 SMP Tue Apr 21 10:35:19 CDT 2015

/usr/bin/uname -p = unknown
/bin/uname -X     = unknown

/bin/arch              = x86_64
/usr/bin/arch -k       = unknown
/usr/convex/getsysinfo = unknown
/usr/bin/hostinfo      = unknown
/bin/machine           = unknown
/usr/bin/oslevel       = unknown
/bin/universe          = unknown

PATH: /usr/lib64/qt-3.3/bin
PATH: /usr/local/bin
PATH: /usr/bin
PATH: /bin
PATH: /usr/local/sbin
PATH: /usr/sbin
PATH: /sbin
PATH: /home/netopeergui/bin
PATH: //home/netopeergui/bin/
PATH: .
PATH: /home/netopeergui/shbin
PATH: /home/netopeergui/python
PATH: usr/X/bin
PATH: /usr/local/bin
PATH: /usr/sbin
PATH: /usr/bin
PATH: /bin
PATH: /home/public/scripts
PATH: //root/bin/
PATH: .
PATH: /home/netopeergui/shbin
PATH: /home/netopeergui/python
PATH: /root/shbin
PATH: /root/python
PATH: usr/X/bin
PATH: /usr/local/bin
PATH: /usr/sbin
PATH: /usr/bin
PATH: /bin
PATH: /home/public/scripts
PATH: //root/bin/
PATH: .
PATH: /home/netopeergui/shbin
PATH: /home/netopeergui/python
PATH: /root/shbin
PATH: /root/python
PATH: /root/shbin
PATH: /root/python
PATH: usr/X/bin
PATH: /usr/local/bin
PATH: /usr/sbin
PATH: /usr/bin
PATH: /bin
PATH: /home/public/scripts
PATH: //root/bin/
PATH: .
PATH: /home/netopeergui/shbin
PATH: /home/netopeergui/python
PATH: /root/shbin
PATH: /root/python
PATH: /root/shbin
PATH: /root/python
PATH: /root/shbin
PATH: /root/python
PATH: usr/X/bin
PATH: /usr/local/bin
PATH: /usr/sbin
PATH: /usr/bin
PATH: /bin
PATH: /home/public/scripts


## ----------- ##
## Core tests. ##
## ----------- ##

configure:2478: checking for pkg-config
configure:2496: found /usr/bin/pkg-config
configure:2509: result: /usr/bin/pkg-config
configure:2524: checking for roff2html
configure:2555: result: no
configure:2592: checking for distro
configure:2594: result: redhat
configure:2786: checking pkg-config is at least version 0.9.0
configure:2789: result: yes
configure:2810: checking for LIBNETCONF
configure:2817: $PKG_CONFIG --exists --print-errors "libnetconf"
configure:2820: $? = 0
configure:2834: $PKG_CONFIG --exists --print-errors "libnetconf"
configure:2837: $? = 0
configure:2895: result: yes
configure:2932: checking for uname
configure:2948: found /bin/uname
configure:2960: result: yes
configure:2973: checking for host architecture
configure:2982: result: x86_64
configure:3002: checking for lnctool
configure:3018: found /usr/local/bin/lnctool
configure:3030: result: yes
configure:3050: checking python module: os
configure:3055: result: yes
configure:3076: checking python module: copy
configure:3081: result: yes
configure:3102: checking python module: curses
configure:3107: result: yes
configure:3128: checking python module: libxml2
configure:3133: result: yes
configure:3154: checking python module: subprocess
configure:3159: result: yes
configure:3180: checking python module: re
configure:3185: result: yes
configure:3206: checking python module: string
configure:3211: result: yes
configure:3232: checking python module: argparse
configure:3237: result: yes
configure:3258: checking python module: xml
configure:3263: result: yes
configure:3284: checking for rpmbuild
configure:3300: found /usr/bin/rpmbuild
configure:3311: result: rpmbuild
configure:3375: checking for clang
configure:3405: result: no
configure:3375: checking for llvm-gcc
configure:3405: result: no
configure:3375: checking for gcc
configure:3391: found /usr/bin/gcc
configure:3402: result: gcc
configure:3433: checking for C compiler version
configure:3442: gcc --version >&5
gcc (GCC) 4.4.7 20120313 (Red Hat 4.4.7-11)
Copyright (C) 2010 Free Software Foundation, Inc.
This is free software; see the source for copying conditions.  There is NO
warranty; not even for MERCHANTABILITY or FITNESS FOR A PARTICULAR PURPOSE.

configure:3453: $? = 0
configure:3442: gcc -v >&5
Using built-in specs.
Target: x86_64-redhat-linux
Configured with: ../configure --prefix=/usr --mandir=/usr/share/man --infodir=/usr/share/info --with-bugurl=http://bugzilla.redhat.com/bugzilla --enable-bootstrap --enable-shared --enable-threads=posix --enable-checking=release --with-system-zlib --enable-__cxa_atexit --disable-libunwind-exceptions --enable-gnu-unique-object --enable-languages=c,c++,objc,obj-c++,java,fortran,ada --enable-java-awt=gtk --disable-dssi --with-java-home=/usr/lib/jvm/java-1.5.0-gcj-1.5.0.0/jre --enable-libgcj-multifile --enable-java-maintainer-mode --with-ecj-jar=/usr/share/java/eclipse-ecj.jar --disable-libjava-multilib --with-ppl --with-cloog --with-tune=generic --with-arch_32=i686 --build=x86_64-redhat-linux
Thread model: posix
gcc version 4.4.7 20120313 (Red Hat 4.4.7-11) (GCC) 
configure:3453: $? = 0
configure:3442: gcc -V >&5
gcc: '-V' option must have argument
configure:3453: $? = 1
configure:3442: gcc -qversion >&5
gcc: unrecognized option '-qversion'
gcc: no input files
configure:3453: $? = 1
configure:3473: checking whether the C compiler works
configure:3495: gcc -Wall -Wextra -O3    -DRCSID=\"$(IDNOGIT)\"  conftest.c -lnetconf    >&5
<command-line>: warning: missing terminating " character
configure:3499: $? = 0
configure:3547: result: yes
configure:3550: checking for C compiler default output file name
configure:3552: result: a.out
configure:3558: checking for suffix of executables
configure:3565: gcc -o conftest -Wall -Wextra -O3    -DRCSID=\"$(IDNOGIT)\"  conftest.c -lnetconf    >&5
<command-line>: warning: missing terminating " character
configure:3569: $? = 0
configure:3591: result: 
configure:3613: checking whether we are cross compiling
configure:3621: gcc -o conftest -Wall -Wextra -O3    -DRCSID=\"$(IDNOGIT)\"  conftest.c -lnetconf    >&5
<command-line>: warning: missing terminating " character
configure:3625: $? = 0
configure:3632: ./conftest
configure:3636: $? = 0
configure:3651: result: no
configure:3656: checking for suffix of object files
configure:3678: gcc -c -Wall -Wextra -O3    -DRCSID=\"$(IDNOGIT)\" conftest.c >&5
<command-line>: warning: missing terminating " character
configure:3682: $? = 0
configure:3703: result: o
configure:3707: checking whether we are using the GNU C compiler
configure:3726: gcc -c -Wall -Wextra -O3    -DRCSID=\"$(IDNOGIT)\" conftest.c >&5
<command-line>: warning: missing terminating " character
configure:3726: $? = 0
configure:3735: result: yes
configure:3744: checking whether gcc accepts -g
configure:3764: gcc -c -g    -DRCSID=\"$(IDNOGIT)\" conftest.c >&5
<command-line>: warning: missing terminating " character
configure:3764: $? = 0
configure: failed program was:
| /* confdefs.h */
| #define PACKAGE_NAME "netopeer-server"
| #define PACKAGE_TARNAME "netopeer-server"
| #define PACKAGE_VERSION "0.8.0"
| #define PACKAGE_STRING "netopeer-server 0.8.0"
| #define PACKAGE_BUGREPORT ""
| #define PACKAGE_URL ""
| /* end confdefs.h.  */
| 
| int
| main ()
| {
| 
|   ;
|   return 0;
| }
configure:3779: gcc -c     -DRCSID=\"$(IDNOGIT)\" conftest.c >&5
<command-line>: warning: missing terminating " character
configure:3779: $? = 0
configure: failed program was:
| /* confdefs.h */
| #define PACKAGE_NAME "netopeer-server"
| #define PACKAGE_TARNAME "netopeer-server"
| #define PACKAGE_VERSION "0.8.0"
| #define PACKAGE_STRING "netopeer-server 0.8.0"
| #define PACKAGE_BUGREPORT ""
| #define PACKAGE_URL ""
| /* end confdefs.h.  */
| 
| int
| main ()
| {
| 
|   ;
|   return 0;
| }
configure:3795: gcc -c -g    -DRCSID=\"$(IDNOGIT)\" conftest.c >&5
<command-line>: warning: missing terminating " character
configure:3795: $? = 0
configure:3805: result: yes
configure:3822: checking for gcc option to accept ISO C89
configure:3885: gcc  -c -Wall -Wextra -O3    -DRCSID=\"$(IDNOGIT)\" conftest.c >&5
<command-line>: warning: missing terminating " character
configure:3885: $? = 0
configure:3898: result: none needed
configure:3961: checking for a BSD-compatible install
configure:4029: result: /usr/bin/install -c
configure:4051: checking for main in -lxml2
configure:4070: gcc -o conftest -Wall -Wextra -O3    -DRCSID=\"$(IDNOGIT)\"  conftest.c -lxml2  -lnetconf    >&5
<command-line>: warning: missing terminating " character
configure:4070: $? = 0
configure:4079: result: yes
configure:4090: checking for xml2-config
configure:4106: found /usr/bin/xml2-config
configure:4118: result: yes
configure:4137: checking for library containing ncntf_dispatch_receive
configure:4168: gcc -o conftest -Wall -Wextra -O3    -DRCSID=\"$(IDNOGIT)\" -I/usr/include/libxml2   conftest.c -lnetconf    -lxml2 >&5
<command-line>: warning: missing terminating " character
configure:4168: $? = 0
configure:4185: result: none required
configure:4197: checking for nc_session_accept_libssh_channel in -lnetconf
configure:4222: gcc -o conftest -Wall -Wextra -O3    -DRCSID=\"$(IDNOGIT)\" -I/usr/include/libxml2   conftest.c -lnetconf  -lnetconf    -lxml2 >&5
<command-line>: warning: missing terminating " character
/tmp/ccwtuxLd.o: In function `main':
conftest.c:(.text+0x7): undefined reference to `nc_session_accept_libssh_channel'
collect2: ld returned 1 exit status
configure:4222: $? = 1
configure: failed program was:
| /* confdefs.h */
| #define PACKAGE_NAME "netopeer-server"
| #define PACKAGE_TARNAME "netopeer-server"
| #define PACKAGE_VERSION "0.8.0"
| #define PACKAGE_STRING "netopeer-server 0.8.0"
| #define PACKAGE_BUGREPORT ""
| #define PACKAGE_URL ""
| /* end confdefs.h.  */
| 
| /* Override any GCC internal prototype to avoid an error.
|    Use char because int might match the return type of a GCC
|    builtin and then its argument prototype would still apply.  */
| #ifdef __cplusplus
| extern "C"
| #endif
| char nc_session_accept_libssh_channel ();
| int
| main ()
| {
| return nc_session_accept_libssh_channel ();
|   ;
|   return 0;
| }
configure:4231: result: no
configure:4242: 
configure:4243: WARNING: libnetconf does not support SSH, disabling it!
configure:4244: 
configure:4374: checking for nc_session_accept_tls in -lnetconf
configure:4399: gcc -o conftest -Wall -Wextra -O3    -DRCSID=\"$(IDNOGIT)\" -I/usr/include/libxml2   conftest.c -lnetconf  -lnetconf    -lxml2 >&5
<command-line>: warning: missing terminating " character
/tmp/cc4noHTn.o: In function `main':
conftest.c:(.text+0x7): undefined reference to `nc_session_accept_tls'
collect2: ld returned 1 exit status
configure:4399: $? = 1
configure: failed program was:
| /* confdefs.h */
| #define PACKAGE_NAME "netopeer-server"
| #define PACKAGE_TARNAME "netopeer-server"
| #define PACKAGE_VERSION "0.8.0"
| #define PACKAGE_STRING "netopeer-server 0.8.0"
| #define PACKAGE_BUGREPORT ""
| #define PACKAGE_URL ""
| /* end confdefs.h.  */
| 
| /* Override any GCC internal prototype to avoid an error.
|    Use char because int might match the return type of a GCC
|    builtin and then its argument prototype would still apply.  */
| #ifdef __cplusplus
| extern "C"
| #endif
| char nc_session_accept_tls ();
| int
| main ()
| {
| return nc_session_accept_tls ();
|   ;
|   return 0;
| }
configure:4408: result: no
configure:4419: 
configure:4420: WARNING: libnetconf does not support TLS, disabling it!
configure:4421: 
configure:4583: checking build system type
configure:4597: result: x86_64-unknown-linux-gnu
configure:4617: checking host system type
configure:4630: result: x86_64-unknown-linux-gnu
configure:4818: checking for the pthreads library -lpthreads
configure:4856: gcc -o conftest -Wall -Wextra -O3     -DRCSID=\"$(IDNOGIT)\" -I/usr/include/libxml2   conftest.c -lpthreads -lnetconf    -lxml2 >&5
<command-line>: warning: missing terminating " character
/usr/bin/ld: cannot find -lpthreads
collect2: ld returned 1 exit status
configure:4856: $? = 1
configure: failed program was:
| /* confdefs.h */
| #define PACKAGE_NAME "netopeer-server"
| #define PACKAGE_TARNAME "netopeer-server"
| #define PACKAGE_VERSION "0.8.0"
| #define PACKAGE_STRING "netopeer-server 0.8.0"
| #define PACKAGE_BUGREPORT ""
| #define PACKAGE_URL ""
| /* end confdefs.h.  */
| #include <pthread.h>
|                         static void routine(void *a) { a = 0; }
|                         static void *start_routine(void *a) { return a; }
| int
| main ()
| {
| pthread_t th; pthread_attr_t attr;
|                         pthread_create(&th, 0, start_routine, 0);
|                         pthread_join(th, 0);
|                         pthread_attr_init(&attr);
|                         pthread_cleanup_push(routine, 0);
|                         pthread_cleanup_pop(0) /* ; */
|   ;
|   return 0;
| }
configure:4865: result: no
configure:4763: checking whether pthreads work without any flags
configure:4856: gcc -o conftest -Wall -Wextra -O3     -DRCSID=\"$(IDNOGIT)\" -I/usr/include/libxml2   conftest.c  -lnetconf    -lxml2 >&5
<command-line>: warning: missing terminating " character
configure:4856: $? = 0
configure:4865: result: yes
configure:4884: checking for joinable pthread attribute
configure:4899: gcc -o conftest -Wall -Wextra -O3     -DRCSID=\"$(IDNOGIT)\" -I/usr/include/libxml2   conftest.c  -lnetconf    -lxml2 >&5
<command-line>: warning: missing terminating " character
configure:4899: $? = 0
configure:4905: result: PTHREAD_CREATE_JOINABLE
configure:4915: checking if more special flags are required for pthreads
configure:4929: result: no
configure:4935: checking for PTHREAD_PRIO_INHERIT
configure:4953: gcc -o conftest -Wall -Wextra -O3     -DRCSID=\"$(IDNOGIT)\" -I/usr/include/libxml2   conftest.c  -lnetconf    -lxml2 >&5
<command-line>: warning: missing terminating " character
conftest.c: In function 'main':
conftest.c:14: error: 'PTHREAD_PRIO_INHERIT' undeclared (first use in this function)
conftest.c:14: error: (Each undeclared identifier is reported only once
conftest.c:14: error: for each function it appears in.)
conftest.c:14: warning: unused variable 'i'
configure:4953: $? = 1
configure: failed program was:
| /* confdefs.h */
| #define PACKAGE_NAME "netopeer-server"
| #define PACKAGE_TARNAME "netopeer-server"
| #define PACKAGE_VERSION "0.8.0"
| #define PACKAGE_STRING "netopeer-server 0.8.0"
| #define PACKAGE_BUGREPORT ""
| #define PACKAGE_URL ""
| /* end confdefs.h.  */
| 
|                     #include <pthread.h>
| int
| main ()
| {
| int i = PTHREAD_PRIO_INHERIT;
|   ;
|   return 0;
| }
configure:4962: result: no
configure:5119: error: Cannot compile without any transport protocol!

## ---------------- ##
## Cache variables. ##
## ---------------- ##

ac_cv_build=x86_64-unknown-linux-gnu
ac_cv_c_compiler_gnu=yes
ac_cv_env_CC_set=
ac_cv_env_CC_value=
ac_cv_env_CFLAGS_set=
ac_cv_env_CFLAGS_value=
ac_cv_env_CPPFLAGS_set=
ac_cv_env_CPPFLAGS_value=
ac_cv_env_CPP_set=
ac_cv_env_CPP_value=
ac_cv_env_LDFLAGS_set=
ac_cv_env_LDFLAGS_value=
ac_cv_env_LIBNETCONF_CFLAGS_set=
ac_cv_env_LIBNETCONF_CFLAGS_value=
ac_cv_env_LIBNETCONF_LIBS_set=
ac_cv_env_LIBNETCONF_LIBS_value=
ac_cv_env_LIBS_set=
ac_cv_env_LIBS_value=
ac_cv_env_PKG_CONFIG_LIBDIR_set=
ac_cv_env_PKG_CONFIG_LIBDIR_value=
ac_cv_env_PKG_CONFIG_PATH_set=
ac_cv_env_PKG_CONFIG_PATH_value=
ac_cv_env_PKG_CONFIG_set=
ac_cv_env_PKG_CONFIG_value=
ac_cv_env_build_alias_set=
ac_cv_env_build_alias_value=
ac_cv_env_host_alias_set=
ac_cv_env_host_alias_value=
ac_cv_env_target_alias_set=
ac_cv_env_target_alias_value=
ac_cv_host=x86_64-unknown-linux-gnu
ac_cv_lib_netconf_nc_session_accept_libssh_channel=no
ac_cv_lib_netconf_nc_session_accept_tls=no
ac_cv_lib_xml2_main=yes
ac_cv_objext=o
ac_cv_path_PKG_CONFIG=/usr/bin/pkg-config
ac_cv_path_ROFF2HTML=no
ac_cv_path_install='/usr/bin/install -c'
ac_cv_prog_LNCTOOL_EXISTS=yes
ac_cv_prog_RPMBUILD=rpmbuild
ac_cv_prog_UNAME=yes
ac_cv_prog_XML2_CONFIG=yes
ac_cv_prog_ac_ct_CC=gcc
ac_cv_prog_cc_c89=
ac_cv_prog_cc_g=yes
ac_cv_search_ncntf_dispatch_receive='none required'
ax_cv_PTHREAD_PRIO_INHERIT=no
pkg_cv_LIBNETCONF_CFLAGS=' '
pkg_cv_LIBNETCONF_LIBS='-lnetconf  '

## ----------------- ##
## Output variables. ##
## ----------------- ##

BUILDREQS=' libnetconf-devel python libxml2-devel'
CC='gcc'
CFLAGS='-Wall -Wextra -O3 '
CLIENT_STRUCT_SIZE=''
CONFIGURE_PARAMS=' --enable-tls'
CONFIGURE_PWD='/root/netconf/netopeer-master/server'
CPP=''
CPPFLAGS='   -DRCSID=\"$(IDNOGIT)\" -I/usr/include/libxml2'
DEFS=''
DISTRO='redhat'
ECHO_C=''
ECHO_N='-n'
ECHO_T=''
EGREP=''
EXEEXT=''
GREP=''
INSTALL_DATA='${INSTALL} -m 644'
INSTALL_PROGRAM='${INSTALL}'
INSTALL_SCRIPT='${INSTALL}'
LDFLAGS=' '
LIBNETCONF_CFLAGS=' '
LIBNETCONF_DATADIR='/usr/share'
LIBNETCONF_LIBS='-lnetconf  '
LIBOBJS=''
LIBS='-lnetconf    -lxml2'
LNCTOOL_EXISTS='yes'
LTLIBOBJS=''
MODULESDIR='${prefix}/etc/netopeer/modules.conf.d/'
NCSERVER_FEATURES=''
NETOPEER_FEATURES='<feature>dynamic-modules</feature>'
NPCONF='yes'
OBJEXT='o'
PACKAGE_BUGREPORT=''
PACKAGE_NAME='netopeer-server'
PACKAGE_STRING='netopeer-server 0.8.0'
PACKAGE_TARNAME='netopeer-server'
PACKAGE_URL=''
PACKAGE_VERSION='0.8.0'
PATH_SEPARATOR=':'
PKG_CONFIG='/usr/bin/pkg-config'
PKG_CONFIG_LIBDIR=''
PKG_CONFIG_PATH='/usr/local/lib64/pkgconfig::/usr/local/lib/pkgconfig'
PTHREAD_CC='gcc'
PTHREAD_CFLAGS=''
PTHREAD_LIBS=''
RELEASE='1'
REQS=' libnetconf python libxml2'
ROFF2HTML='no'
RPMBUILD='rpmbuild'
SERVER_LIBS='-lnetconf    -lxml2'
SERVER_TLS_CFGS=''
SERVER_TRANSPORT_HDRS=''
SERVER_TRANSPORT_SRCS=''
SHELL='/bin/sh'
SSH='no'
TLS='no'
UNAME='yes'
USERMAIL=''
USERNAME=''
XML2_CONFIG='yes'
ac_ct_CC='gcc'
ax_pthread_config=''
bindir='${exec_prefix}/bin'
build='x86_64-unknown-linux-gnu'
build_alias=''
build_cpu='x86_64'
build_os='linux-gnu'
build_vendor='unknown'
datadir='${datarootdir}'
datarootdir='${prefix}/share'
docdir='${datarootdir}/doc/${PACKAGE_TARNAME}'
dvidir='${docdir}'
exec_prefix='NONE'
host='x86_64-unknown-linux-gnu'
host_alias=''
host_cpu='x86_64'
host_os='linux-gnu'
host_vendor='unknown'
htmldir='${docdir}'
includedir='${prefix}/include'
infodir='${datarootdir}/info'
libdir='${prefix}/lib64'
libexecdir='${exec_prefix}/libexec'
localedir='${datarootdir}/locale'
localstatedir='${prefix}/var'
mandir='${datarootdir}/man'
oldincludedir='/usr/include'
pdfdir='${docdir}'
prefix='NONE'
program_transform_name='s,x,x,'
psdir='${docdir}'
sbindir='${exec_prefix}/sbin'
sharedstatedir='${prefix}/com'
sysconfdir='${prefix}/etc'
target_alias=''

## ----------- ##
## confdefs.h. ##
## ----------- ##

/* confdefs.h */
#define PACKAGE_NAME "netopeer-server"
#define PACKAGE_TARNAME "netopeer-server"
#define PACKAGE_VERSION "0.8.0"
#define PACKAGE_STRING "netopeer-server 0.8.0"
#define PACKAGE_BUGREPORT ""
#define PACKAGE_URL ""

configure: exit 1
