This file contains any messages produced by compilers while
running configure, to aid debugging if configure makes a mistake.

It was created by libnetconf configure 0.10.0, which was
generated by GNU Autoconf 2.69.  Invocation command line was

  $ ./configure --enable-debug --enable-tls --prefix=/usr --libdir=/usr/lib64

## --------- ##
## Platform. ##
## --------- ##

hostname = netopeer-gui
uname -m = x86_64
uname -r = 2.6.32-504.16.2.el6.x86_64
uname -s = Linux
uname -v = #1 SMP Tue Apr 21 10:35:19 CDT 2015

/usr/bin/uname -p = unknown
/bin/uname -X     = unknown

/bin/arch              = x86_64
/usr/bin/arch -k       = unknown
/usr/convex/getsysinfo = unknown
/usr/bin/hostinfo      = unknown
/bin/machine           = unknown
/usr/bin/oslevel       = unknown
/bin/universe          = unknown

PATH: /usr/lib64/qt-3.3/bin
PATH: /usr/local/bin
PATH: /usr/bin
PATH: /bin
PATH: /usr/local/sbin
PATH: /usr/sbin
PATH: /sbin
PATH: /home/netopeergui/bin
PATH: //root/bin/
PATH: .
PATH: /root/shbin
PATH: /root/python
PATH: usr/X/bin
PATH: /usr/local/bin
PATH: /usr/sbin
PATH: /usr/bin
PATH: /bin
PATH: /home/public/scripts


## ----------- ##
## Core tests. ##
## ----------- ##

configure:2642: checking build system type
configure:2656: result: x86_64-unknown-linux-gnu
configure:2676: checking host system type
configure:2689: result: x86_64-unknown-linux-gnu
configure:2746: checking for pkg-config
configure:2764: found /usr/bin/pkg-config
configure:2777: result: /usr/bin/pkg-config
configure:2792: checking for pyang
configure:2808: found /usr/bin/pyang
configure:2819: result: yes
configure:2844: checking for xsltproc
configure:2860: found /usr/bin/xsltproc
configure:2871: result: yes
configure:3354: checking for host architecture
configure:3362: result: x86_64 is supported
configure:3422: checking for doxygen
configure:3438: found /usr/bin/doxygen
configure:3450: result: doxygen
configure:3462: checking for rpmbuild
configure:3478: found /usr/bin/rpmbuild
configure:3490: result: rpmbuild
configure:3506: checking for greadlink
configure:3534: result: readlink
configure:3544: WARNING: Try installing greadlink.
configure:3554: checking for libtool
configure:3570: found /usr/bin/libtool
configure:3582: result: yes
configure:3649: checking for clang
configure:3679: result: no
configure:3649: checking for llvm-gcc
configure:3679: result: no
configure:3649: checking for gcc
configure:3665: found /usr/bin/gcc
configure:3676: result: gcc
configure:3707: checking for C compiler version
configure:3716: gcc --version >&5
gcc (GCC) 4.4.7 20120313 (Red Hat 4.4.7-11)
Copyright (C) 2010 Free Software Foundation, Inc.
This is free software; see the source for copying conditions.  There is NO
warranty; not even for MERCHANTABILITY or FITNESS FOR A PARTICULAR PURPOSE.

configure:3727: $? = 0
configure:3716: gcc -v >&5
Using built-in specs.
Target: x86_64-redhat-linux
Configured with: ../configure --prefix=/usr --mandir=/usr/share/man --infodir=/usr/share/info --with-bugurl=http://bugzilla.redhat.com/bugzilla --enable-bootstrap --enable-shared --enable-threads=posix --enable-checking=release --with-system-zlib --enable-__cxa_atexit --disable-libunwind-exceptions --enable-gnu-unique-object --enable-languages=c,c++,objc,obj-c++,java,fortran,ada --enable-java-awt=gtk --disable-dssi --with-java-home=/usr/lib/jvm/java-1.5.0-gcj-1.5.0.0/jre --enable-libgcj-multifile --enable-java-maintainer-mode --with-ecj-jar=/usr/share/java/eclipse-ecj.jar --disable-libjava-multilib --with-ppl --with-cloog --with-tune=generic --with-arch_32=i686 --build=x86_64-redhat-linux
Thread model: posix
gcc version 4.4.7 20120313 (Red Hat 4.4.7-11) (GCC) 
configure:3727: $? = 0
configure:3716: gcc -V >&5
gcc: '-V' option must have argument
configure:3727: $? = 1
configure:3716: gcc -qversion >&5
gcc: unrecognized option '-qversion'
gcc: no input files
configure:3727: $? = 1
configure:3747: checking whether the C compiler works
configure:3769: gcc  -g -O0 -DDEBUG  -DRCSID=\"$(IDGIT)\" -DENABLE_TLS  conftest.c  -ldl -lssl >&5
<command-line>: warning: missing terminating " character
configure:3773: $? = 0
configure:3821: result: yes
configure:3824: checking for C compiler default output file name
configure:3826: result: a.out
configure:3832: checking for suffix of executables
configure:3839: gcc -o conftest  -g -O0 -DDEBUG  -DRCSID=\"$(IDGIT)\" -DENABLE_TLS  conftest.c  -ldl -lssl >&5
<command-line>: warning: missing terminating " character
configure:3843: $? = 0
configure:3865: result: 
configure:3887: checking whether we are cross compiling
configure:3895: gcc -o conftest  -g -O0 -DDEBUG  -DRCSID=\"$(IDGIT)\" -DENABLE_TLS  conftest.c  -ldl -lssl >&5
<command-line>: warning: missing terminating " character
configure:3899: $? = 0
configure:3906: ./conftest
configure:3910: $? = 0
configure:3925: result: no
configure:3930: checking for suffix of object files
configure:3952: gcc -c  -g -O0 -DDEBUG  -DRCSID=\"$(IDGIT)\" -DENABLE_TLS conftest.c >&5
<command-line>: warning: missing terminating " character
configure:3956: $? = 0
configure:3977: result: o
configure:3981: checking whether we are using the GNU C compiler
configure:4000: gcc -c  -g -O0 -DDEBUG  -DRCSID=\"$(IDGIT)\" -DENABLE_TLS conftest.c >&5
<command-line>: warning: missing terminating " character
configure:4000: $? = 0
configure:4009: result: yes
configure:4018: checking whether gcc accepts -g
configure:4038: gcc -c -g  -DRCSID=\"$(IDGIT)\" -DENABLE_TLS conftest.c >&5
<command-line>: warning: missing terminating " character
configure:4038: $? = 0
configure: failed program was:
| /* confdefs.h */
| #define PACKAGE_NAME "libnetconf"
| #define PACKAGE_TARNAME "libnetconf"
| #define PACKAGE_VERSION "0.10.0"
| #define PACKAGE_STRING "libnetconf 0.10.0"
| #define PACKAGE_BUGREPORT ""
| #define PACKAGE_URL ""
| /* end confdefs.h.  */
| 
| int
| main ()
| {
| 
|   ;
|   return 0;
| }
configure:4053: gcc -c   -DRCSID=\"$(IDGIT)\" -DENABLE_TLS conftest.c >&5
<command-line>: warning: missing terminating " character
configure:4053: $? = 0
configure: failed program was:
| /* confdefs.h */
| #define PACKAGE_NAME "libnetconf"
| #define PACKAGE_TARNAME "libnetconf"
| #define PACKAGE_VERSION "0.10.0"
| #define PACKAGE_STRING "libnetconf 0.10.0"
| #define PACKAGE_BUGREPORT ""
| #define PACKAGE_URL ""
| /* end confdefs.h.  */
| 
| int
| main ()
| {
| 
|   ;
|   return 0;
| }
configure:4069: gcc -c -g  -DRCSID=\"$(IDGIT)\" -DENABLE_TLS conftest.c >&5
<command-line>: warning: missing terminating " character
configure:4069: $? = 0
configure:4079: result: yes
configure:4096: checking for gcc option to accept ISO C89
configure:4159: gcc  -c  -g -O0 -DDEBUG  -DRCSID=\"$(IDGIT)\" -DENABLE_TLS conftest.c >&5
<command-line>: warning: missing terminating " character
configure:4159: $? = 0
configure:4172: result: none needed
configure:4197: checking how to run the C preprocessor
configure:4228: gcc -E  -DRCSID=\"$(IDGIT)\" -DENABLE_TLS conftest.c
<command-line>: warning: missing terminating " character
configure:4228: $? = 0
configure:4242: gcc -E  -DRCSID=\"$(IDGIT)\" -DENABLE_TLS conftest.c
<command-line>: warning: missing terminating " character
conftest.c:9:28: error: ac_nonexistent.h: No such file or directory
configure:4242: $? = 1
configure: failed program was:
| /* confdefs.h */
| #define PACKAGE_NAME "libnetconf"
| #define PACKAGE_TARNAME "libnetconf"
| #define PACKAGE_VERSION "0.10.0"
| #define PACKAGE_STRING "libnetconf 0.10.0"
| #define PACKAGE_BUGREPORT ""
| #define PACKAGE_URL ""
| /* end confdefs.h.  */
| #include <ac_nonexistent.h>
configure:4267: result: gcc -E
configure:4287: gcc -E  -DRCSID=\"$(IDGIT)\" -DENABLE_TLS conftest.c
<command-line>: warning: missing terminating " character
configure:4287: $? = 0
configure:4301: gcc -E  -DRCSID=\"$(IDGIT)\" -DENABLE_TLS conftest.c
<command-line>: warning: missing terminating " character
conftest.c:9:28: error: ac_nonexistent.h: No such file or directory
configure:4301: $? = 1
configure: failed program was:
| /* confdefs.h */
| #define PACKAGE_NAME "libnetconf"
| #define PACKAGE_TARNAME "libnetconf"
| #define PACKAGE_VERSION "0.10.0"
| #define PACKAGE_STRING "libnetconf 0.10.0"
| #define PACKAGE_BUGREPORT ""
| #define PACKAGE_URL ""
| /* end confdefs.h.  */
| #include <ac_nonexistent.h>
configure:4329: checking whether ln -s works
configure:4333: result: yes
configure:4354: checking for a BSD-compatible install
configure:4422: result: /usr/bin/install -c
configure:4480: checking how to print strings
configure:4507: result: printf
configure:4528: checking for a sed that does not truncate output
configure:4592: result: /bin/sed
configure:4610: checking for grep that handles long lines and -e
configure:4668: result: /bin/grep
configure:4673: checking for egrep
configure:4735: result: /bin/grep -E
configure:4740: checking for fgrep
configure:4802: result: /bin/grep -F
configure:4837: checking for ld used by gcc
configure:4904: result: /usr/bin/ld
configure:4911: checking if the linker (/usr/bin/ld) is GNU ld
configure:4926: result: yes
configure:4938: checking for BSD- or MS-compatible name lister (nm)
configure:4987: result: /usr/bin/nm -B
configure:5117: checking the name lister (/usr/bin/nm -B) interface
configure:5124: gcc -c  -g -O0 -DDEBUG  -DRCSID=\"$(IDGIT)\" -DENABLE_TLS conftest.c >&5
<command-line>: warning: missing terminating " character
configure:5127: /usr/bin/nm -B "conftest.o"
configure:5130: output
0000000000000000 B some_variable
configure:5137: result: BSD nm
configure:5141: checking the maximum length of command line arguments
configure:5271: result: 1966080
configure:5288: checking whether the shell understands some XSI constructs
configure:5298: result: yes
configure:5302: checking whether the shell understands "+="
configure:5308: result: yes
configure:5343: checking how to convert x86_64-unknown-linux-gnu file names to x86_64-unknown-linux-gnu format
configure:5383: result: func_convert_file_noop
configure:5390: checking how to convert x86_64-unknown-linux-gnu file names to toolchain format
configure:5410: result: func_convert_file_noop
configure:5417: checking for /usr/bin/ld option to reload object files
configure:5424: result: -r
configure:5498: checking for objdump
configure:5514: found /usr/bin/objdump
configure:5525: result: objdump
configure:5557: checking how to recognize dependent libraries
configure:5759: result: pass_all
configure:5844: checking for dlltool
configure:5874: result: no
configure:5904: checking how to associate runtime and link libraries
configure:5931: result: printf %s\n
configure:5992: checking for ar
configure:6008: found /usr/bin/ar
configure:6019: result: ar
configure:6056: checking for archiver @FILE support
configure:6073: gcc -c  -g -O0 -DDEBUG  -DRCSID=\"$(IDGIT)\" -DENABLE_TLS conftest.c >&5
<command-line>: warning: missing terminating " character
configure:6073: $? = 0
configure:6076: ar cru libconftest.a @conftest.lst >&5
configure:6079: $? = 0
configure:6084: ar cru libconftest.a @conftest.lst >&5
ar: conftest.o: No such file or directory
configure:6087: $? = 1
configure:6099: result: @
configure:6157: checking for strip
configure:6173: found /usr/bin/strip
configure:6184: result: strip
configure:6256: checking for ranlib
configure:6272: found /usr/bin/ranlib
configure:6283: result: ranlib
configure:6360: checking for gawk
configure:6376: found /usr/bin/gawk
configure:6387: result: gawk
configure:6427: checking command to parse /usr/bin/nm -B output from gcc object
configure:6547: gcc -c  -g -O0 -DDEBUG  -DRCSID=\"$(IDGIT)\" -DENABLE_TLS conftest.c >&5
<command-line>: warning: missing terminating " character
configure:6550: $? = 0
configure:6554: /usr/bin/nm -B conftest.o \| sed -n -e 's/^.*[ ]\([ABCDGIRSTW][ABCDGIRSTW]*\)[ ][ ]*\([_A-Za-z][_A-Za-z0-9]*\)$/\1 \2 \2/p' | sed '/ __gnu_lto/d' \> conftest.nm
configure:6557: $? = 0
configure:6623: gcc -o conftest  -g -O0 -DDEBUG  -DRCSID=\"$(IDGIT)\" -DENABLE_TLS  conftest.c conftstm.o >&5
<command-line>: warning: missing terminating " character
configure:6626: $? = 0
configure:6664: result: ok
configure:6701: checking for sysroot
configure:6731: result: no
configure:6808: gcc -c  -g -O0 -DDEBUG  -DRCSID=\"$(IDGIT)\" -DENABLE_TLS conftest.c >&5
<command-line>: warning: missing terminating " character
configure:6811: $? = 0
configure:6993: checking for mt
configure:7023: result: no
configure:7043: checking if : is a manifest tool
configure:7049: : '-?'
configure:7057: result: no
configure:7695: checking for ANSI C header files
configure:7715: gcc -c  -g -O0 -DDEBUG  -DRCSID=\"$(IDGIT)\" -DENABLE_TLS conftest.c >&5
<command-line>: warning: missing terminating " character
configure:7715: $? = 0
<command-line>: warning: missing terminating " character
<command-line>: warning: missing terminating " character
configure:7788: gcc -o conftest  -g -O0 -DDEBUG  -DRCSID=\"$(IDGIT)\" -DENABLE_TLS  conftest.c  -ldl -lssl >&5
<command-line>: warning: missing terminating " character
configure:7788: $? = 0
configure:7788: ./conftest
configure:7788: $? = 0
configure:7799: result: yes
configure:7812: checking for sys/types.h
configure:7812: gcc -c  -g -O0 -DDEBUG  -DRCSID=\"$(IDGIT)\" -DENABLE_TLS conftest.c >&5
<command-line>: warning: missing terminating " character
configure:7812: $? = 0
configure:7812: result: yes
configure:7812: checking for sys/stat.h
configure:7812: gcc -c  -g -O0 -DDEBUG  -DRCSID=\"$(IDGIT)\" -DENABLE_TLS conftest.c >&5
<command-line>: warning: missing terminating " character
configure:7812: $? = 0
configure:7812: result: yes
configure:7812: checking for stdlib.h
configure:7812: gcc -c  -g -O0 -DDEBUG  -DRCSID=\"$(IDGIT)\" -DENABLE_TLS conftest.c >&5
<command-line>: warning: missing terminating " character
configure:7812: $? = 0
configure:7812: result: yes
configure:7812: checking for string.h
configure:7812: gcc -c  -g -O0 -DDEBUG  -DRCSID=\"$(IDGIT)\" -DENABLE_TLS conftest.c >&5
<command-line>: warning: missing terminating " character
configure:7812: $? = 0
configure:7812: result: yes
configure:7812: checking for memory.h
configure:7812: gcc -c  -g -O0 -DDEBUG  -DRCSID=\"$(IDGIT)\" -DENABLE_TLS conftest.c >&5
<command-line>: warning: missing terminating " character
configure:7812: $? = 0
configure:7812: result: yes
configure:7812: checking for strings.h
configure:7812: gcc -c  -g -O0 -DDEBUG  -DRCSID=\"$(IDGIT)\" -DENABLE_TLS conftest.c >&5
<command-line>: warning: missing terminating " character
configure:7812: $? = 0
configure:7812: result: yes
configure:7812: checking for inttypes.h
configure:7812: gcc -c  -g -O0 -DDEBUG  -DRCSID=\"$(IDGIT)\" -DENABLE_TLS conftest.c >&5
<command-line>: warning: missing terminating " character
configure:7812: $? = 0
configure:7812: result: yes
configure:7812: checking for stdint.h
configure:7812: gcc -c  -g -O0 -DDEBUG  -DRCSID=\"$(IDGIT)\" -DENABLE_TLS conftest.c >&5
<command-line>: warning: missing terminating " character
configure:7812: $? = 0
configure:7812: result: yes
configure:7812: checking for unistd.h
configure:7812: gcc -c  -g -O0 -DDEBUG  -DRCSID=\"$(IDGIT)\" -DENABLE_TLS conftest.c >&5
<command-line>: warning: missing terminating " character
configure:7812: $? = 0
configure:7812: result: yes
configure:7826: checking for dlfcn.h
configure:7826: gcc -c  -g -O0 -DDEBUG  -DRCSID=\"$(IDGIT)\" -DENABLE_TLS conftest.c >&5
<command-line>: warning: missing terminating " character
configure:7826: $? = 0
configure:7826: result: yes
configure:8032: checking for objdir
configure:8047: result: .libs
configure:8314: checking if gcc supports -fno-rtti -fno-exceptions
configure:8332: gcc -c  -g -O0 -DDEBUG  -DRCSID=\"$(IDGIT)\" -DENABLE_TLS -fno-rtti -fno-exceptions conftest.c >&5
cc1: warning: command line option "-fno-rtti" is valid for C++/ObjC++ but not for C
<command-line>: warning: missing terminating " character
configure:8336: $? = 0
configure:8349: result: no
configure:8676: checking for gcc option to produce PIC
configure:8683: result: -fPIC -DPIC
configure:8691: checking if gcc PIC flag -fPIC -DPIC works
configure:8709: gcc -c  -g -O0 -DDEBUG  -DRCSID=\"$(IDGIT)\" -DENABLE_TLS -fPIC -DPIC -DPIC conftest.c >&5
<command-line>: warning: missing terminating " character
configure:8713: $? = 0
configure:8726: result: yes
configure:8755: checking if gcc static flag -static works
configure:8783: result: no
configure:8798: checking if gcc supports -c -o file.o
configure:8819: gcc -c  -g -O0 -DDEBUG  -DRCSID=\"$(IDGIT)\" -DENABLE_TLS -o out/conftest2.o conftest.c >&5
<command-line>: warning: missing terminating " character
configure:8823: $? = 0
configure:8845: result: yes
configure:8853: checking if gcc supports -c -o file.o
configure:8900: result: yes
configure:8933: checking whether the gcc linker (/usr/bin/ld -m elf_x86_64) supports shared libraries
configure:10086: result: yes
configure:10123: checking whether -lc should be explicitly linked in
configure:10131: gcc -c  -g -O0 -DDEBUG  -DRCSID=\"$(IDGIT)\" -DENABLE_TLS conftest.c >&5
<command-line>: warning: missing terminating " character
configure:10134: $? = 0
configure:10149: gcc -shared  -fPIC -DPIC conftest.o  -v -Wl,-soname -Wl,conftest -o conftest 2\>\&1 \| /bin/grep  -lc  \>/dev/null 2\>\&1
configure:10152: $? = 0
configure:10166: result: no
configure:10326: checking dynamic linker characteristics
configure:10837: gcc -o conftest  -g -O0 -DDEBUG  -DRCSID=\"$(IDGIT)\" -DENABLE_TLS  -Wl,-rpath -Wl,/foo conftest.c  -ldl -lssl >&5
<command-line>: warning: missing terminating " character
configure:10837: $? = 0
configure:11059: result: GNU/Linux ld.so
configure:11166: checking how to hardcode library paths into programs
configure:11191: result: immediate
configure:11731: checking whether stripping libraries is possible
configure:11736: result: yes
configure:11771: checking if libtool supports shared libraries
configure:11773: result: yes
configure:11776: checking whether to build shared libraries
configure:11797: result: yes
configure:11800: checking whether to build static libraries
configure:11804: result: yes
configure:11850: checking for ELF visibility
configure:11869: gcc -c  -g -O0 -DDEBUG -fvisibility=hidden  -DRCSID=\"$(IDGIT)\" -DENABLE_TLS conftest.c >&5
<command-line>: warning: missing terminating " character
configure:11869: $? = 0
configure:11871: result: yes
configure:11894: checking for xml2-config
configure:11910: found /usr/bin/xml2-config
configure:11922: result: yes
configure:11938: checking for xmlDOMWrapReconcileNamespaces in -lxml2
configure:11963: gcc -o conftest -I/usr/include/libxml2  -g -O0 -DDEBUG -fvisibility=hidden  -DRCSID=\"$(IDGIT)\" -DENABLE_TLS  conftest.c -lxml2  -lxml2 -lz -lm  -ldl -lssl >&5
<command-line>: warning: missing terminating " character
configure:11963: $? = 0
configure:11972: result: yes
configure:11986: checking for xslt-config
configure:12002: found /usr/bin/xslt-config
configure:12014: result: yes
configure:12031: checking for ssh_pki_key_ecdsa_name in -lssh
configure:12056: gcc -o conftest -I/usr/include/libxml2 -I/usr/include/libxml2  -g -O0 -DDEBUG -fvisibility=hidden  -DRCSID=\"$(IDGIT)\" -DENABLE_TLS  conftest.c -lssh  -L/usr/lib64 -lxslt -lxml2 -lz -lm -lxml2 -lz -lm  -ldl -lssl >&5
<command-line>: warning: missing terminating " character
configure:12056: $? = 0
configure:12065: result: yes
configure:12080: checking libssh/libssh.h usability
configure:12080: gcc -c -I/usr/include/libxml2 -I/usr/include/libxml2  -g -O0 -DDEBUG -fvisibility=hidden  -DRCSID=\"$(IDGIT)\" -DENABLE_TLS conftest.c >&5
<command-line>: warning: missing terminating " character
configure:12080: $? = 0
configure:12080: result: yes
configure:12080: checking libssh/libssh.h presence
configure:12080: gcc -E  -DRCSID=\"$(IDGIT)\" -DENABLE_TLS conftest.c
<command-line>: warning: missing terminating " character
configure:12080: $? = 0
configure:12080: result: yes
configure:12080: checking for libssh/libssh.h
configure:12080: result: yes
configure:12092: checking for ssh_threads_get_pthread in -lssh_threads
configure:12117: gcc -o conftest -I/usr/include/libxml2 -I/usr/include/libxml2  -g -O0 -DDEBUG -fvisibility=hidden  -DRCSID=\"$(IDGIT)\" -DENABLE_TLS  conftest.c -lssh_threads  -lssh -L/usr/lib64 -lxslt -lxml2 -lz -lm -lxml2 -lz -lm  -ldl -lssl >&5
<command-line>: warning: missing terminating " character
configure:12117: $? = 0
configure:12126: result: yes
configure:12147: checking for SSL_library_init in -lssl
configure:12172: gcc -o conftest -I/usr/include/libxml2 -I/usr/include/libxml2  -g -O0 -DDEBUG -fvisibility=hidden  -DRCSID=\"$(IDGIT)\" -DENABLE_TLS  conftest.c -lssl  -lssh_threads -lssh -L/usr/lib64 -lxslt -lxml2 -lz -lm -lxml2 -lz -lm  -ldl -lssl >&5
<command-line>: warning: missing terminating " character
configure:12172: $? = 0
configure:12181: result: yes
configure:12197: checking openssl/bio.h usability
configure:12197: gcc -c -I/usr/include/libxml2 -I/usr/include/libxml2  -g -O0 -DDEBUG -fvisibility=hidden  -DRCSID=\"$(IDGIT)\" -DENABLE_TLS conftest.c >&5
<command-line>: warning: missing terminating " character
configure:12197: $? = 0
configure:12197: result: yes
configure:12197: checking openssl/bio.h presence
configure:12197: gcc -E  -DRCSID=\"$(IDGIT)\" -DENABLE_TLS conftest.c
<command-line>: warning: missing terminating " character
configure:12197: $? = 0
configure:12197: result: yes
configure:12197: checking for openssl/bio.h
configure:12197: result: yes
configure:12197: checking openssl/ssl.h usability
configure:12197: gcc -c -I/usr/include/libxml2 -I/usr/include/libxml2  -g -O0 -DDEBUG -fvisibility=hidden  -DRCSID=\"$(IDGIT)\" -DENABLE_TLS conftest.c >&5
<command-line>: warning: missing terminating " character
configure:12197: $? = 0
configure:12197: result: yes
configure:12197: checking openssl/ssl.h presence
configure:12197: gcc -E  -DRCSID=\"$(IDGIT)\" -DENABLE_TLS conftest.c
<command-line>: warning: missing terminating " character
configure:12197: $? = 0
configure:12197: result: yes
configure:12197: checking for openssl/ssl.h
configure:12197: result: yes
configure:12197: checking openssl/err.h usability
configure:12197: gcc -c -I/usr/include/libxml2 -I/usr/include/libxml2  -g -O0 -DDEBUG -fvisibility=hidden  -DRCSID=\"$(IDGIT)\" -DENABLE_TLS conftest.c >&5
<command-line>: warning: missing terminating " character
configure:12197: $? = 0
configure:12197: result: yes
configure:12197: checking openssl/err.h presence
configure:12197: gcc -E  -DRCSID=\"$(IDGIT)\" -DENABLE_TLS conftest.c
<command-line>: warning: missing terminating " character
configure:12197: $? = 0
configure:12197: result: yes
configure:12197: checking for openssl/err.h
configure:12197: result: yes
configure:12197: checking openssl/pem.h usability
configure:12197: gcc -c -I/usr/include/libxml2 -I/usr/include/libxml2  -g -O0 -DDEBUG -fvisibility=hidden  -DRCSID=\"$(IDGIT)\" -DENABLE_TLS conftest.c >&5
<command-line>: warning: missing terminating " character
configure:12197: $? = 0
configure:12197: result: yes
configure:12197: checking openssl/pem.h presence
configure:12197: gcc -E  -DRCSID=\"$(IDGIT)\" -DENABLE_TLS conftest.c
<command-line>: warning: missing terminating " character
configure:12197: $? = 0
configure:12197: result: yes
configure:12197: checking for openssl/pem.h
configure:12197: result: yes
configure:12451: checking for the pthreads library -lpthreads
configure:12489: gcc -o conftest -I/usr/include/libxml2 -I/usr/include/libxml2  -g -O0 -DDEBUG -fvisibility=hidden   -DRCSID=\"$(IDGIT)\" -DENABLE_TLS  conftest.c -lpthreads -lssl -lssh_threads -lssh -L/usr/lib64 -lxslt -lxml2 -lz -lm -lxml2 -lz -lm  -ldl -lssl >&5
<command-line>: warning: missing terminating " character
/usr/bin/ld: cannot find -lpthreads
collect2: ld returned 1 exit status
configure:12489: $? = 1
configure: failed program was:
| /* confdefs.h */
| #define PACKAGE_NAME "libnetconf"
| #define PACKAGE_TARNAME "libnetconf"
| #define PACKAGE_VERSION "0.10.0"
| #define PACKAGE_STRING "libnetconf 0.10.0"
| #define PACKAGE_BUGREPORT ""
| #define PACKAGE_URL ""
| #define STDC_HEADERS 1
| #define HAVE_SYS_TYPES_H 1
| #define HAVE_SYS_STAT_H 1
| #define HAVE_STDLIB_H 1
| #define HAVE_STRING_H 1
| #define HAVE_MEMORY_H 1
| #define HAVE_STRINGS_H 1
| #define HAVE_INTTYPES_H 1
| #define HAVE_STDINT_H 1
| #define HAVE_UNISTD_H 1
| #define HAVE_DLFCN_H 1
| #define LT_OBJDIR ".libs/"
| #define HAVE_LIBSSH 1
| #define HAVE_LIBSSH_LIBSSH_H 1
| #define HAVE_LIBSSH_THREADS 1
| #define HAVE_LIBSSL 1
| #define HAVE_OPENSSL_BIO_H 1
| #define HAVE_OPENSSL_SSL_H 1
| #define HAVE_OPENSSL_ERR_H 1
| #define HAVE_OPENSSL_PEM_H 1
| /* end confdefs.h.  */
| #include <pthread.h>
|                         static void routine(void *a) { a = 0; }
|                         static void *start_routine(void *a) { return a; }
| int
| main ()
| {
| pthread_t th; pthread_attr_t attr;
|                         pthread_create(&th, 0, start_routine, 0);
|                         pthread_join(th, 0);
|                         pthread_attr_init(&attr);
|                         pthread_cleanup_push(routine, 0);
|                         pthread_cleanup_pop(0) /* ; */
|   ;
|   return 0;
| }
configure:12498: result: no
configure:12396: checking whether pthreads work without any flags
configure:12489: gcc -o conftest -I/usr/include/libxml2 -I/usr/include/libxml2  -g -O0 -DDEBUG -fvisibility=hidden   -DRCSID=\"$(IDGIT)\" -DENABLE_TLS  conftest.c  -lssl -lssh_threads -lssh -L/usr/lib64 -lxslt -lxml2 -lz -lm -lxml2 -lz -lm  -ldl -lssl >&5
<command-line>: warning: missing terminating " character
configure:12489: $? = 0
configure:12498: result: yes
configure:12517: checking for joinable pthread attribute
configure:12532: gcc -o conftest -I/usr/include/libxml2 -I/usr/include/libxml2  -g -O0 -DDEBUG -fvisibility=hidden   -DRCSID=\"$(IDGIT)\" -DENABLE_TLS  conftest.c  -lssl -lssh_threads -lssh -L/usr/lib64 -lxslt -lxml2 -lz -lm -lxml2 -lz -lm  -ldl -lssl >&5
<command-line>: warning: missing terminating " character
configure:12532: $? = 0
configure:12538: result: PTHREAD_CREATE_JOINABLE
configure:12548: checking if more special flags are required for pthreads
configure:12562: result: no
configure:12568: checking for PTHREAD_PRIO_INHERIT
configure:12586: gcc -o conftest -I/usr/include/libxml2 -I/usr/include/libxml2  -g -O0 -DDEBUG -fvisibility=hidden   -DRCSID=\"$(IDGIT)\" -DENABLE_TLS  conftest.c  -lssl -lssh_threads -lssh -L/usr/lib64 -lxslt -lxml2 -lz -lm -lxml2 -lz -lm  -ldl -lssl >&5
<command-line>: warning: missing terminating " character
conftest.c: In function 'main':
conftest.c:34: error: 'PTHREAD_PRIO_INHERIT' undeclared (first use in this function)
conftest.c:34: error: (Each undeclared identifier is reported only once
conftest.c:34: error: for each function it appears in.)
configure:12586: $? = 1
configure: failed program was:
| /* confdefs.h */
| #define PACKAGE_NAME "libnetconf"
| #define PACKAGE_TARNAME "libnetconf"
| #define PACKAGE_VERSION "0.10.0"
| #define PACKAGE_STRING "libnetconf 0.10.0"
| #define PACKAGE_BUGREPORT ""
| #define PACKAGE_URL ""
| #define STDC_HEADERS 1
| #define HAVE_SYS_TYPES_H 1
| #define HAVE_SYS_STAT_H 1
| #define HAVE_STDLIB_H 1
| #define HAVE_STRING_H 1
| #define HAVE_MEMORY_H 1
| #define HAVE_STRINGS_H 1
| #define HAVE_INTTYPES_H 1
| #define HAVE_STDINT_H 1
| #define HAVE_UNISTD_H 1
| #define HAVE_DLFCN_H 1
| #define LT_OBJDIR ".libs/"
| #define HAVE_LIBSSH 1
| #define HAVE_LIBSSH_LIBSSH_H 1
| #define HAVE_LIBSSH_THREADS 1
| #define HAVE_LIBSSL 1
| #define HAVE_OPENSSL_BIO_H 1
| #define HAVE_OPENSSL_SSL_H 1
| #define HAVE_OPENSSL_ERR_H 1
| #define HAVE_OPENSSL_PEM_H 1
| /* end confdefs.h.  */
| 
|                     #include <pthread.h>
| int
| main ()
| {
| int i = PTHREAD_PRIO_INHERIT;
|   ;
|   return 0;
| }
configure:12595: result: no
configure:12683: checking pthread.h usability
configure:12683: gcc -c -I/usr/include/libxml2 -I/usr/include/libxml2  -g -O0 -DDEBUG -fvisibility=hidden   -DRCSID=\"$(IDGIT)\" -DENABLE_TLS conftest.c >&5
<command-line>: warning: missing terminating " character
configure:12683: $? = 0
configure:12683: result: yes
configure:12683: checking pthread.h presence
configure:12683: gcc -E  -DRCSID=\"$(IDGIT)\" -DENABLE_TLS conftest.c
<command-line>: warning: missing terminating " character
configure:12683: $? = 0
configure:12683: result: yes
configure:12683: checking for pthread.h
configure:12683: result: yes
configure:12697: checking for library containing sem_init
configure:12728: gcc -o conftest -I/usr/include/libxml2 -I/usr/include/libxml2  -g -O0 -DDEBUG -fvisibility=hidden   -DRCSID=\"$(IDGIT)\" -DENABLE_TLS  conftest.c  -lssl -lssh_threads -lssh -L/usr/lib64 -lxslt -lxml2 -lz -lm -lxml2 -lz -lm  -ldl -lssl >&5
<command-line>: warning: missing terminating " character
configure:12728: $? = 0
configure:12745: result: none required
configure:12985: checking pkg-config is at least version 0.9.0
configure:12988: result: yes
configure:12998: checking for CURL
configure:13005: $PKG_CONFIG --exists --print-errors "libcurl"
configure:13008: $? = 0
configure:13022: $PKG_CONFIG --exists --print-errors "libcurl"
configure:13025: $? = 0
configure:13083: result: yes
configure:13087: checking for curl_global_init in -lcurl
configure:13112: gcc -o conftest -I/usr/include/libxml2 -I/usr/include/libxml2  -g -O0 -DDEBUG -fvisibility=hidden   -DRCSID=\"$(IDGIT)\" -DENABLE_TLS  conftest.c -lcurl   -lssl -lssh_threads -lssh -L/usr/lib64 -lxslt -lxml2 -lz -lm -lxml2 -lz -lm  -ldl -lssl >&5
<command-line>: warning: missing terminating " character
configure:13112: $? = 0
configure:13121: result: yes
configure:13136: checking curl/curl.h usability
configure:13136: gcc -c -I/usr/include/libxml2 -I/usr/include/libxml2  -g -O0 -DDEBUG -fvisibility=hidden   -DRCSID=\"$(IDGIT)\" -DENABLE_TLS conftest.c >&5
<command-line>: warning: missing terminating " character
configure:13136: $? = 0
configure:13136: result: yes
configure:13136: checking curl/curl.h presence
configure:13136: gcc -E  -DRCSID=\"$(IDGIT)\" -DENABLE_TLS conftest.c
<command-line>: warning: missing terminating " character
configure:13136: $? = 0
configure:13136: result: yes
configure:13136: checking for curl/curl.h
configure:13136: result: yes
configure:13162: checking fcntl.h usability
configure:13162: gcc -c -I/usr/include/libxml2 -I/usr/include/libxml2  -g -O0 -DDEBUG -fvisibility=hidden   -DRCSID=\"$(IDGIT)\" -DENABLE_TLS conftest.c >&5
<command-line>: warning: missing terminating " character
configure:13162: $? = 0
configure:13162: result: yes
configure:13162: checking fcntl.h presence
configure:13162: gcc -E  -DRCSID=\"$(IDGIT)\" -DENABLE_TLS conftest.c
<command-line>: warning: missing terminating " character
configure:13162: $? = 0
configure:13162: result: yes
configure:13162: checking for fcntl.h
configure:13162: result: yes
configure:13162: checking limits.h usability
configure:13162: gcc -c -I/usr/include/libxml2 -I/usr/include/libxml2  -g -O0 -DDEBUG -fvisibility=hidden   -DRCSID=\"$(IDGIT)\" -DENABLE_TLS conftest.c >&5
<command-line>: warning: missing terminating " character
configure:13162: $? = 0
configure:13162: result: yes
configure:13162: checking limits.h presence
configure:13162: gcc -E  -DRCSID=\"$(IDGIT)\" -DENABLE_TLS conftest.c
<command-line>: warning: missing terminating " character
configure:13162: $? = 0
configure:13162: result: yes
configure:13162: checking for limits.h
configure:13162: result: yes
configure:13162: checking netdb.h usability
configure:13162: gcc -c -I/usr/include/libxml2 -I/usr/include/libxml2  -g -O0 -DDEBUG -fvisibility=hidden   -DRCSID=\"$(IDGIT)\" -DENABLE_TLS conftest.c >&5
<command-line>: warning: missing terminating " character
configure:13162: $? = 0
configure:13162: result: yes
configure:13162: checking netdb.h presence
configure:13162: gcc -E  -DRCSID=\"$(IDGIT)\" -DENABLE_TLS conftest.c
<command-line>: warning: missing terminating " character
configure:13162: $? = 0
configure:13162: result: yes
configure:13162: checking for netdb.h
configure:13162: result: yes
configure:13162: checking stddef.h usability
configure:13162: gcc -c -I/usr/include/libxml2 -I/usr/include/libxml2  -g -O0 -DDEBUG -fvisibility=hidden   -DRCSID=\"$(IDGIT)\" -DENABLE_TLS conftest.c >&5
<command-line>: warning: missing terminating " character
configure:13162: $? = 0
configure:13162: result: yes
configure:13162: checking stddef.h presence
configure:13162: gcc -E  -DRCSID=\"$(IDGIT)\" -DENABLE_TLS conftest.c
<command-line>: warning: missing terminating " character
configure:13162: $? = 0
configure:13162: result: yes
configure:13162: checking for stddef.h
configure:13162: result: yes
configure:13162: checking for stdint.h
configure:13162: result: yes
configure:13162: checking for stdlib.h
configure:13162: result: yes
configure:13162: checking for string.h
configure:13162: result: yes
configure:13162: checking sys/file.h usability
configure:13162: gcc -c -I/usr/include/libxml2 -I/usr/include/libxml2  -g -O0 -DDEBUG -fvisibility=hidden   -DRCSID=\"$(IDGIT)\" -DENABLE_TLS conftest.c >&5
<command-line>: warning: missing terminating " character
configure:13162: $? = 0
configure:13162: result: yes
configure:13162: checking sys/file.h presence
configure:13162: gcc -E  -DRCSID=\"$(IDGIT)\" -DENABLE_TLS conftest.c
<command-line>: warning: missing terminating " character
configure:13162: $? = 0
configure:13162: result: yes
configure:13162: checking for sys/file.h
configure:13162: result: yes
configure:13162: checking sys/socket.h usability
configure:13162: gcc -c -I/usr/include/libxml2 -I/usr/include/libxml2  -g -O0 -DDEBUG -fvisibility=hidden   -DRCSID=\"$(IDGIT)\" -DENABLE_TLS conftest.c >&5
<command-line>: warning: missing terminating " character
configure:13162: $? = 0
configure:13162: result: yes
configure:13162: checking sys/socket.h presence
configure:13162: gcc -E  -DRCSID=\"$(IDGIT)\" -DENABLE_TLS conftest.c
<command-line>: warning: missing terminating " character
configure:13162: $? = 0
configure:13162: result: yes
configure:13162: checking for sys/socket.h
configure:13162: result: yes
configure:13162: checking termios.h usability
configure:13162: gcc -c -I/usr/include/libxml2 -I/usr/include/libxml2  -g -O0 -DDEBUG -fvisibility=hidden   -DRCSID=\"$(IDGIT)\" -DENABLE_TLS conftest.c >&5
<command-line>: warning: missing terminating " character
configure:13162: $? = 0
configure:13162: result: yes
configure:13162: checking termios.h presence
configure:13162: gcc -E  -DRCSID=\"$(IDGIT)\" -DENABLE_TLS conftest.c
<command-line>: warning: missing terminating " character
configure:13162: $? = 0
configure:13162: result: yes
configure:13162: checking for termios.h
configure:13162: result: yes
configure:13162: checking for unistd.h
configure:13162: result: yes
configure:13176: checking utmpx.h usability
configure:13176: gcc -c -I/usr/include/libxml2 -I/usr/include/libxml2  -g -O0 -DDEBUG -fvisibility=hidden   -DRCSID=\"$(IDGIT)\" -DENABLE_TLS conftest.c >&5
<command-line>: warning: missing terminating " character
configure:13176: $? = 0
configure:13176: result: yes
configure:13176: checking utmpx.h presence
configure:13176: gcc -E  -DRCSID=\"$(IDGIT)\" -DENABLE_TLS conftest.c
<command-line>: warning: missing terminating " character
configure:13176: $? = 0
configure:13176: result: yes
configure:13176: checking for utmpx.h
configure:13176: result: yes
configure:13190: checking for stdbool.h that conforms to C99
configure:13257: gcc -c -I/usr/include/libxml2 -I/usr/include/libxml2  -g -O0 -DDEBUG -fvisibility=hidden   -DRCSID=\"$(IDGIT)\" -DENABLE_TLS conftest.c >&5
<command-line>: warning: missing terminating " character
configure:13257: $? = 0
configure:13264: result: yes
configure:13266: checking for _Bool
configure:13266: gcc -c -I/usr/include/libxml2 -I/usr/include/libxml2  -g -O0 -DDEBUG -fvisibility=hidden   -DRCSID=\"$(IDGIT)\" -DENABLE_TLS conftest.c >&5
<command-line>: warning: missing terminating " character
configure:13266: $? = 0
configure:13266: gcc -c -I/usr/include/libxml2 -I/usr/include/libxml2  -g -O0 -DDEBUG -fvisibility=hidden   -DRCSID=\"$(IDGIT)\" -DENABLE_TLS conftest.c >&5
<command-line>: warning: missing terminating " character
conftest.c: In function 'main':
conftest.c:80: error: expected expression before ')' token
configure:13266: $? = 1
configure: failed program was:
| /* confdefs.h */
| #define PACKAGE_NAME "libnetconf"
| #define PACKAGE_TARNAME "libnetconf"
| #define PACKAGE_VERSION "0.10.0"
| #define PACKAGE_STRING "libnetconf 0.10.0"
| #define PACKAGE_BUGREPORT ""
| #define PACKAGE_URL ""
| #define STDC_HEADERS 1
| #define HAVE_SYS_TYPES_H 1
| #define HAVE_SYS_STAT_H 1
| #define HAVE_STDLIB_H 1
| #define HAVE_STRING_H 1
| #define HAVE_MEMORY_H 1
| #define HAVE_STRINGS_H 1
| #define HAVE_INTTYPES_H 1
| #define HAVE_STDINT_H 1
| #define HAVE_UNISTD_H 1
| #define HAVE_DLFCN_H 1
| #define LT_OBJDIR ".libs/"
| #define HAVE_LIBSSH 1
| #define HAVE_LIBSSH_LIBSSH_H 1
| #define HAVE_LIBSSH_THREADS 1
| #define HAVE_LIBSSL 1
| #define HAVE_OPENSSL_BIO_H 1
| #define HAVE_OPENSSL_SSL_H 1
| #define HAVE_OPENSSL_ERR_H 1
| #define HAVE_OPENSSL_PEM_H 1
| #define HAVE_PTHREAD_H 1
| #define HAVE_LIBCURL 1
| #define HAVE_CURL_CURL_H 1
| #define HAVE_FCNTL_H 1
| #define HAVE_LIMITS_H 1
| #define HAVE_NETDB_H 1
| #define HAVE_STDDEF_H 1
| #define HAVE_STDINT_H 1
| #define HAVE_STDLIB_H 1
| #define HAVE_STRING_H 1
| #define HAVE_SYS_FILE_H 1
| #define HAVE_SYS_SOCKET_H 1
| #define HAVE_TERMIOS_H 1
| #define HAVE_UNISTD_H 1
| #define HAVE_UTMPX_H 1
| /* end confdefs.h.  */
| #include <stdio.h>
| #ifdef HAVE_SYS_TYPES_H
| # include <sys/types.h>
| #endif
| #ifdef HAVE_SYS_STAT_H
| # include <sys/stat.h>
| #endif
| #ifdef STDC_HEADERS
| # include <stdlib.h>
| # include <stddef.h>
| #else
| # ifdef HAVE_STDLIB_H
| #  include <stdlib.h>
| # endif
| #endif
| #ifdef HAVE_STRING_H
| # if !defined STDC_HEADERS && defined HAVE_MEMORY_H
| #  include <memory.h>
| # endif
| # include <string.h>
| #endif
| #ifdef HAVE_STRINGS_H
| # include <strings.h>
| #endif
| #ifdef HAVE_INTTYPES_H
| # include <inttypes.h>
| #endif
| #ifdef HAVE_STDINT_H
| # include <stdint.h>
| #endif
| #ifdef HAVE_UNISTD_H
| # include <unistd.h>
| #endif
| int
| main ()
| {
| if (sizeof ((_Bool)))
| 	    return 0;
|   ;
|   return 0;
| }
configure:13266: result: yes
configure:13277: checking for uid_t in sys/types.h
<command-line>: warning: missing terminating " character
configure:13296: result: yes
configure:13307: checking for inline
configure:13323: gcc -c -I/usr/include/libxml2 -I/usr/include/libxml2  -g -O0 -DDEBUG -fvisibility=hidden   -DRCSID=\"$(IDGIT)\" -DENABLE_TLS conftest.c >&5
<command-line>: warning: missing terminating " character
configure:13323: $? = 0
configure:13331: result: inline
configure:13349: checking for int32_t
configure:13349: gcc -c -I/usr/include/libxml2 -I/usr/include/libxml2  -g -O0 -DDEBUG -fvisibility=hidden   -DRCSID=\"$(IDGIT)\" -DENABLE_TLS conftest.c >&5
<command-line>: warning: missing terminating " character
configure:13349: $? = 0
configure:13349: gcc -c -I/usr/include/libxml2 -I/usr/include/libxml2  -g -O0 -DDEBUG -fvisibility=hidden   -DRCSID=\"$(IDGIT)\" -DENABLE_TLS conftest.c >&5
<command-line>: warning: missing terminating " character
conftest.c: In function 'main':
conftest.c:83: warning: integer overflow in expression
conftest.c:83: error: size of array 'test_array' is negative
configure:13349: $? = 1
configure: failed program was:
| /* confdefs.h */
| #define PACKAGE_NAME "libnetconf"
| #define PACKAGE_TARNAME "libnetconf"
| #define PACKAGE_VERSION "0.10.0"
| #define PACKAGE_STRING "libnetconf 0.10.0"
| #define PACKAGE_BUGREPORT ""
| #define PACKAGE_URL ""
| #define STDC_HEADERS 1
| #define HAVE_SYS_TYPES_H 1
| #define HAVE_SYS_STAT_H 1
| #define HAVE_STDLIB_H 1
| #define HAVE_STRING_H 1
| #define HAVE_MEMORY_H 1
| #define HAVE_STRINGS_H 1
| #define HAVE_INTTYPES_H 1
| #define HAVE_STDINT_H 1
| #define HAVE_UNISTD_H 1
| #define HAVE_DLFCN_H 1
| #define LT_OBJDIR ".libs/"
| #define HAVE_LIBSSH 1
| #define HAVE_LIBSSH_LIBSSH_H 1
| #define HAVE_LIBSSH_THREADS 1
| #define HAVE_LIBSSL 1
| #define HAVE_OPENSSL_BIO_H 1
| #define HAVE_OPENSSL_SSL_H 1
| #define HAVE_OPENSSL_ERR_H 1
| #define HAVE_OPENSSL_PEM_H 1
| #define HAVE_PTHREAD_H 1
| #define HAVE_LIBCURL 1
| #define HAVE_CURL_CURL_H 1
| #define HAVE_FCNTL_H 1
| #define HAVE_LIMITS_H 1
| #define HAVE_NETDB_H 1
| #define HAVE_STDDEF_H 1
| #define HAVE_STDINT_H 1
| #define HAVE_STDLIB_H 1
| #define HAVE_STRING_H 1
| #define HAVE_SYS_FILE_H 1
| #define HAVE_SYS_SOCKET_H 1
| #define HAVE_TERMIOS_H 1
| #define HAVE_UNISTD_H 1
| #define HAVE_UTMPX_H 1
| #define HAVE__BOOL 1
| /* end confdefs.h.  */
| #include <stdio.h>
| #ifdef HAVE_SYS_TYPES_H
| # include <sys/types.h>
| #endif
| #ifdef HAVE_SYS_STAT_H
| # include <sys/stat.h>
| #endif
| #ifdef STDC_HEADERS
| # include <stdlib.h>
| # include <stddef.h>
| #else
| # ifdef HAVE_STDLIB_H
| #  include <stdlib.h>
| # endif
| #endif
| #ifdef HAVE_STRING_H
| # if !defined STDC_HEADERS && defined HAVE_MEMORY_H
| #  include <memory.h>
| # endif
| # include <string.h>
| #endif
| #ifdef HAVE_STRINGS_H
| # include <strings.h>
| #endif
| #ifdef HAVE_INTTYPES_H
| # include <inttypes.h>
| #endif
| #ifdef HAVE_STDINT_H
| # include <stdint.h>
| #endif
| #ifdef HAVE_UNISTD_H
| # include <unistd.h>
| #endif
| 	        enum { N = 32 / 2 - 1 };
| int
| main ()
| {
| static int test_array [1 - 2 * !((int32_t) (((((int32_t) 1 << N) << N) - 1) * 2 + 1)
| 		 < (int32_t) (((((int32_t) 1 << N) << N) - 1) * 2 + 2))];
| test_array [0] = 0;
| return test_array [0];
| 
|   ;
|   return 0;
| }
configure:13349: result: yes
configure:13360: checking for mode_t
configure:13360: gcc -c -I/usr/include/libxml2 -I/usr/include/libxml2  -g -O0 -DDEBUG -fvisibility=hidden   -DRCSID=\"$(IDGIT)\" -DENABLE_TLS conftest.c >&5
<command-line>: warning: missing terminating " character
configure:13360: $? = 0
configure:13360: gcc -c -I/usr/include/libxml2 -I/usr/include/libxml2  -g -O0 -DDEBUG -fvisibility=hidden   -DRCSID=\"$(IDGIT)\" -DENABLE_TLS conftest.c >&5
<command-line>: warning: missing terminating " character
conftest.c: In function 'main':
conftest.c:81: error: expected expression before ')' token
configure:13360: $? = 1
configure: failed program was:
| /* confdefs.h */
| #define PACKAGE_NAME "libnetconf"
| #define PACKAGE_TARNAME "libnetconf"
| #define PACKAGE_VERSION "0.10.0"
| #define PACKAGE_STRING "libnetconf 0.10.0"
| #define PACKAGE_BUGREPORT ""
| #define PACKAGE_URL ""
| #define STDC_HEADERS 1
| #define HAVE_SYS_TYPES_H 1
| #define HAVE_SYS_STAT_H 1
| #define HAVE_STDLIB_H 1
| #define HAVE_STRING_H 1
| #define HAVE_MEMORY_H 1
| #define HAVE_STRINGS_H 1
| #define HAVE_INTTYPES_H 1
| #define HAVE_STDINT_H 1
| #define HAVE_UNISTD_H 1
| #define HAVE_DLFCN_H 1
| #define LT_OBJDIR ".libs/"
| #define HAVE_LIBSSH 1
| #define HAVE_LIBSSH_LIBSSH_H 1
| #define HAVE_LIBSSH_THREADS 1
| #define HAVE_LIBSSL 1
| #define HAVE_OPENSSL_BIO_H 1
| #define HAVE_OPENSSL_SSL_H 1
| #define HAVE_OPENSSL_ERR_H 1
| #define HAVE_OPENSSL_PEM_H 1
| #define HAVE_PTHREAD_H 1
| #define HAVE_LIBCURL 1
| #define HAVE_CURL_CURL_H 1
| #define HAVE_FCNTL_H 1
| #define HAVE_LIMITS_H 1
| #define HAVE_NETDB_H 1
| #define HAVE_STDDEF_H 1
| #define HAVE_STDINT_H 1
| #define HAVE_STDLIB_H 1
| #define HAVE_STRING_H 1
| #define HAVE_SYS_FILE_H 1
| #define HAVE_SYS_SOCKET_H 1
| #define HAVE_TERMIOS_H 1
| #define HAVE_UNISTD_H 1
| #define HAVE_UTMPX_H 1
| #define HAVE__BOOL 1
| /* end confdefs.h.  */
| #include <stdio.h>
| #ifdef HAVE_SYS_TYPES_H
| # include <sys/types.h>
| #endif
| #ifdef HAVE_SYS_STAT_H
| # include <sys/stat.h>
| #endif
| #ifdef STDC_HEADERS
| # include <stdlib.h>
| # include <stddef.h>
| #else
| # ifdef HAVE_STDLIB_H
| #  include <stdlib.h>
| # endif
| #endif
| #ifdef HAVE_STRING_H
| # if !defined STDC_HEADERS && defined HAVE_MEMORY_H
| #  include <memory.h>
| # endif
| # include <string.h>
| #endif
| #ifdef HAVE_STRINGS_H
| # include <strings.h>
| #endif
| #ifdef HAVE_INTTYPES_H
| # include <inttypes.h>
| #endif
| #ifdef HAVE_STDINT_H
| # include <stdint.h>
| #endif
| #ifdef HAVE_UNISTD_H
| # include <unistd.h>
| #endif
| int
| main ()
| {
| if (sizeof ((mode_t)))
| 	    return 0;
|   ;
|   return 0;
| }
configure:13360: result: yes
configure:13371: checking for off_t
configure:13371: gcc -c -I/usr/include/libxml2 -I/usr/include/libxml2  -g -O0 -DDEBUG -fvisibility=hidden   -DRCSID=\"$(IDGIT)\" -DENABLE_TLS conftest.c >&5
<command-line>: warning: missing terminating " character
configure:13371: $? = 0
configure:13371: gcc -c -I/usr/include/libxml2 -I/usr/include/libxml2  -g -O0 -DDEBUG -fvisibility=hidden   -DRCSID=\"$(IDGIT)\" -DENABLE_TLS conftest.c >&5
<command-line>: warning: missing terminating " character
conftest.c: In function 'main':
conftest.c:81: error: expected expression before ')' token
configure:13371: $? = 1
configure: failed program was:
| /* confdefs.h */
| #define PACKAGE_NAME "libnetconf"
| #define PACKAGE_TARNAME "libnetconf"
| #define PACKAGE_VERSION "0.10.0"
| #define PACKAGE_STRING "libnetconf 0.10.0"
| #define PACKAGE_BUGREPORT ""
| #define PACKAGE_URL ""
| #define STDC_HEADERS 1
| #define HAVE_SYS_TYPES_H 1
| #define HAVE_SYS_STAT_H 1
| #define HAVE_STDLIB_H 1
| #define HAVE_STRING_H 1
| #define HAVE_MEMORY_H 1
| #define HAVE_STRINGS_H 1
| #define HAVE_INTTYPES_H 1
| #define HAVE_STDINT_H 1
| #define HAVE_UNISTD_H 1
| #define HAVE_DLFCN_H 1
| #define LT_OBJDIR ".libs/"
| #define HAVE_LIBSSH 1
| #define HAVE_LIBSSH_LIBSSH_H 1
| #define HAVE_LIBSSH_THREADS 1
| #define HAVE_LIBSSL 1
| #define HAVE_OPENSSL_BIO_H 1
| #define HAVE_OPENSSL_SSL_H 1
| #define HAVE_OPENSSL_ERR_H 1
| #define HAVE_OPENSSL_PEM_H 1
| #define HAVE_PTHREAD_H 1
| #define HAVE_LIBCURL 1
| #define HAVE_CURL_CURL_H 1
| #define HAVE_FCNTL_H 1
| #define HAVE_LIMITS_H 1
| #define HAVE_NETDB_H 1
| #define HAVE_STDDEF_H 1
| #define HAVE_STDINT_H 1
| #define HAVE_STDLIB_H 1
| #define HAVE_STRING_H 1
| #define HAVE_SYS_FILE_H 1
| #define HAVE_SYS_SOCKET_H 1
| #define HAVE_TERMIOS_H 1
| #define HAVE_UNISTD_H 1
| #define HAVE_UTMPX_H 1
| #define HAVE__BOOL 1
| /* end confdefs.h.  */
| #include <stdio.h>
| #ifdef HAVE_SYS_TYPES_H
| # include <sys/types.h>
| #endif
| #ifdef HAVE_SYS_STAT_H
| # include <sys/stat.h>
| #endif
| #ifdef STDC_HEADERS
| # include <stdlib.h>
| # include <stddef.h>
| #else
| # ifdef HAVE_STDLIB_H
| #  include <stdlib.h>
| # endif
| #endif
| #ifdef HAVE_STRING_H
| # if !defined STDC_HEADERS && defined HAVE_MEMORY_H
| #  include <memory.h>
| # endif
| # include <string.h>
| #endif
| #ifdef HAVE_STRINGS_H
| # include <strings.h>
| #endif
| #ifdef HAVE_INTTYPES_H
| # include <inttypes.h>
| #endif
| #ifdef HAVE_STDINT_H
| # include <stdint.h>
| #endif
| #ifdef HAVE_UNISTD_H
| # include <unistd.h>
| #endif
| int
| main ()
| {
| if (sizeof ((off_t)))
| 	    return 0;
|   ;
|   return 0;
| }
configure:13371: result: yes
configure:13382: checking for pid_t
configure:13382: gcc -c -I/usr/include/libxml2 -I/usr/include/libxml2  -g -O0 -DDEBUG -fvisibility=hidden   -DRCSID=\"$(IDGIT)\" -DENABLE_TLS conftest.c >&5
<command-line>: warning: missing terminating " character
configure:13382: $? = 0
configure:13382: gcc -c -I/usr/include/libxml2 -I/usr/include/libxml2  -g -O0 -DDEBUG -fvisibility=hidden   -DRCSID=\"$(IDGIT)\" -DENABLE_TLS conftest.c >&5
<command-line>: warning: missing terminating " character
conftest.c: In function 'main':
conftest.c:81: error: expected expression before ')' token
configure:13382: $? = 1
configure: failed program was:
| /* confdefs.h */
| #define PACKAGE_NAME "libnetconf"
| #define PACKAGE_TARNAME "libnetconf"
| #define PACKAGE_VERSION "0.10.0"
| #define PACKAGE_STRING "libnetconf 0.10.0"
| #define PACKAGE_BUGREPORT ""
| #define PACKAGE_URL ""
| #define STDC_HEADERS 1
| #define HAVE_SYS_TYPES_H 1
| #define HAVE_SYS_STAT_H 1
| #define HAVE_STDLIB_H 1
| #define HAVE_STRING_H 1
| #define HAVE_MEMORY_H 1
| #define HAVE_STRINGS_H 1
| #define HAVE_INTTYPES_H 1
| #define HAVE_STDINT_H 1
| #define HAVE_UNISTD_H 1
| #define HAVE_DLFCN_H 1
| #define LT_OBJDIR ".libs/"
| #define HAVE_LIBSSH 1
| #define HAVE_LIBSSH_LIBSSH_H 1
| #define HAVE_LIBSSH_THREADS 1
| #define HAVE_LIBSSL 1
| #define HAVE_OPENSSL_BIO_H 1
| #define HAVE_OPENSSL_SSL_H 1
| #define HAVE_OPENSSL_ERR_H 1
| #define HAVE_OPENSSL_PEM_H 1
| #define HAVE_PTHREAD_H 1
| #define HAVE_LIBCURL 1
| #define HAVE_CURL_CURL_H 1
| #define HAVE_FCNTL_H 1
| #define HAVE_LIMITS_H 1
| #define HAVE_NETDB_H 1
| #define HAVE_STDDEF_H 1
| #define HAVE_STDINT_H 1
| #define HAVE_STDLIB_H 1
| #define HAVE_STRING_H 1
| #define HAVE_SYS_FILE_H 1
| #define HAVE_SYS_SOCKET_H 1
| #define HAVE_TERMIOS_H 1
| #define HAVE_UNISTD_H 1
| #define HAVE_UTMPX_H 1
| #define HAVE__BOOL 1
| /* end confdefs.h.  */
| #include <stdio.h>
| #ifdef HAVE_SYS_TYPES_H
| # include <sys/types.h>
| #endif
| #ifdef HAVE_SYS_STAT_H
| # include <sys/stat.h>
| #endif
| #ifdef STDC_HEADERS
| # include <stdlib.h>
| # include <stddef.h>
| #else
| # ifdef HAVE_STDLIB_H
| #  include <stdlib.h>
| # endif
| #endif
| #ifdef HAVE_STRING_H
| # if !defined STDC_HEADERS && defined HAVE_MEMORY_H
| #  include <memory.h>
| # endif
| # include <string.h>
| #endif
| #ifdef HAVE_STRINGS_H
| # include <strings.h>
| #endif
| #ifdef HAVE_INTTYPES_H
| # include <inttypes.h>
| #endif
| #ifdef HAVE_STDINT_H
| # include <stdint.h>
| #endif
| #ifdef HAVE_UNISTD_H
| # include <unistd.h>
| #endif
| int
| main ()
| {
| if (sizeof ((pid_t)))
| 	    return 0;
|   ;
|   return 0;
| }
configure:13382: result: yes
configure:13393: checking for size_t
configure:13393: gcc -c -I/usr/include/libxml2 -I/usr/include/libxml2  -g -O0 -DDEBUG -fvisibility=hidden   -DRCSID=\"$(IDGIT)\" -DENABLE_TLS conftest.c >&5
<command-line>: warning: missing terminating " character
configure:13393: $? = 0
configure:13393: gcc -c -I/usr/include/libxml2 -I/usr/include/libxml2  -g -O0 -DDEBUG -fvisibility=hidden   -DRCSID=\"$(IDGIT)\" -DENABLE_TLS conftest.c >&5
<command-line>: warning: missing terminating " character
conftest.c: In function 'main':
conftest.c:81: error: expected expression before ')' token
configure:13393: $? = 1
configure: failed program was:
| /* confdefs.h */
| #define PACKAGE_NAME "libnetconf"
| #define PACKAGE_TARNAME "libnetconf"
| #define PACKAGE_VERSION "0.10.0"
| #define PACKAGE_STRING "libnetconf 0.10.0"
| #define PACKAGE_BUGREPORT ""
| #define PACKAGE_URL ""
| #define STDC_HEADERS 1
| #define HAVE_SYS_TYPES_H 1
| #define HAVE_SYS_STAT_H 1
| #define HAVE_STDLIB_H 1
| #define HAVE_STRING_H 1
| #define HAVE_MEMORY_H 1
| #define HAVE_STRINGS_H 1
| #define HAVE_INTTYPES_H 1
| #define HAVE_STDINT_H 1
| #define HAVE_UNISTD_H 1
| #define HAVE_DLFCN_H 1
| #define LT_OBJDIR ".libs/"
| #define HAVE_LIBSSH 1
| #define HAVE_LIBSSH_LIBSSH_H 1
| #define HAVE_LIBSSH_THREADS 1
| #define HAVE_LIBSSL 1
| #define HAVE_OPENSSL_BIO_H 1
| #define HAVE_OPENSSL_SSL_H 1
| #define HAVE_OPENSSL_ERR_H 1
| #define HAVE_OPENSSL_PEM_H 1
| #define HAVE_PTHREAD_H 1
| #define HAVE_LIBCURL 1
| #define HAVE_CURL_CURL_H 1
| #define HAVE_FCNTL_H 1
| #define HAVE_LIMITS_H 1
| #define HAVE_NETDB_H 1
| #define HAVE_STDDEF_H 1
| #define HAVE_STDINT_H 1
| #define HAVE_STDLIB_H 1
| #define HAVE_STRING_H 1
| #define HAVE_SYS_FILE_H 1
| #define HAVE_SYS_SOCKET_H 1
| #define HAVE_TERMIOS_H 1
| #define HAVE_UNISTD_H 1
| #define HAVE_UTMPX_H 1
| #define HAVE__BOOL 1
| /* end confdefs.h.  */
| #include <stdio.h>
| #ifdef HAVE_SYS_TYPES_H
| # include <sys/types.h>
| #endif
| #ifdef HAVE_SYS_STAT_H
| # include <sys/stat.h>
| #endif
| #ifdef STDC_HEADERS
| # include <stdlib.h>
| # include <stddef.h>
| #else
| # ifdef HAVE_STDLIB_H
| #  include <stdlib.h>
| # endif
| #endif
| #ifdef HAVE_STRING_H
| # if !defined STDC_HEADERS && defined HAVE_MEMORY_H
| #  include <memory.h>
| # endif
| # include <string.h>
| #endif
| #ifdef HAVE_STRINGS_H
| # include <strings.h>
| #endif
| #ifdef HAVE_INTTYPES_H
| # include <inttypes.h>
| #endif
| #ifdef HAVE_STDINT_H
| # include <stdint.h>
| #endif
| #ifdef HAVE_UNISTD_H
| # include <unistd.h>
| #endif
| int
| main ()
| {
| if (sizeof ((size_t)))
| 	    return 0;
|   ;
|   return 0;
| }
configure:13393: result: yes
configure:13404: checking for ssize_t
configure:13404: gcc -c -I/usr/include/libxml2 -I/usr/include/libxml2  -g -O0 -DDEBUG -fvisibility=hidden   -DRCSID=\"$(IDGIT)\" -DENABLE_TLS conftest.c >&5
<command-line>: warning: missing terminating " character
configure:13404: $? = 0
configure:13404: gcc -c -I/usr/include/libxml2 -I/usr/include/libxml2  -g -O0 -DDEBUG -fvisibility=hidden   -DRCSID=\"$(IDGIT)\" -DENABLE_TLS conftest.c >&5
<command-line>: warning: missing terminating " character
conftest.c: In function 'main':
conftest.c:81: error: expected expression before ')' token
configure:13404: $? = 1
configure: failed program was:
| /* confdefs.h */
| #define PACKAGE_NAME "libnetconf"
| #define PACKAGE_TARNAME "libnetconf"
| #define PACKAGE_VERSION "0.10.0"
| #define PACKAGE_STRING "libnetconf 0.10.0"
| #define PACKAGE_BUGREPORT ""
| #define PACKAGE_URL ""
| #define STDC_HEADERS 1
| #define HAVE_SYS_TYPES_H 1
| #define HAVE_SYS_STAT_H 1
| #define HAVE_STDLIB_H 1
| #define HAVE_STRING_H 1
| #define HAVE_MEMORY_H 1
| #define HAVE_STRINGS_H 1
| #define HAVE_INTTYPES_H 1
| #define HAVE_STDINT_H 1
| #define HAVE_UNISTD_H 1
| #define HAVE_DLFCN_H 1
| #define LT_OBJDIR ".libs/"
| #define HAVE_LIBSSH 1
| #define HAVE_LIBSSH_LIBSSH_H 1
| #define HAVE_LIBSSH_THREADS 1
| #define HAVE_LIBSSL 1
| #define HAVE_OPENSSL_BIO_H 1
| #define HAVE_OPENSSL_SSL_H 1
| #define HAVE_OPENSSL_ERR_H 1
| #define HAVE_OPENSSL_PEM_H 1
| #define HAVE_PTHREAD_H 1
| #define HAVE_LIBCURL 1
| #define HAVE_CURL_CURL_H 1
| #define HAVE_FCNTL_H 1
| #define HAVE_LIMITS_H 1
| #define HAVE_NETDB_H 1
| #define HAVE_STDDEF_H 1
| #define HAVE_STDINT_H 1
| #define HAVE_STDLIB_H 1
| #define HAVE_STRING_H 1
| #define HAVE_SYS_FILE_H 1
| #define HAVE_SYS_SOCKET_H 1
| #define HAVE_TERMIOS_H 1
| #define HAVE_UNISTD_H 1
| #define HAVE_UTMPX_H 1
| #define HAVE__BOOL 1
| /* end confdefs.h.  */
| #include <stdio.h>
| #ifdef HAVE_SYS_TYPES_H
| # include <sys/types.h>
| #endif
| #ifdef HAVE_SYS_STAT_H
| # include <sys/stat.h>
| #endif
| #ifdef STDC_HEADERS
| # include <stdlib.h>
| # include <stddef.h>
| #else
| # ifdef HAVE_STDLIB_H
| #  include <stdlib.h>
| # endif
| #endif
| #ifdef HAVE_STRING_H
| # if !defined STDC_HEADERS && defined HAVE_MEMORY_H
| #  include <memory.h>
| # endif
| # include <string.h>
| #endif
| #ifdef HAVE_STRINGS_H
| # include <strings.h>
| #endif
| #ifdef HAVE_INTTYPES_H
| # include <inttypes.h>
| #endif
| #ifdef HAVE_STDINT_H
| # include <stdint.h>
| #endif
| #ifdef HAVE_UNISTD_H
| # include <unistd.h>
| #endif
| int
| main ()
| {
| if (sizeof ((ssize_t)))
| 	    return 0;
|   ;
|   return 0;
| }
configure:13404: result: yes
configure:13415: checking for uint8_t
configure:13415: gcc -c -I/usr/include/libxml2 -I/usr/include/libxml2  -g -O0 -DDEBUG -fvisibility=hidden   -DRCSID=\"$(IDGIT)\" -DENABLE_TLS conftest.c >&5
<command-line>: warning: missing terminating " character
configure:13415: $? = 0
configure:13415: result: yes
configure:13429: checking for uint16_t
configure:13429: gcc -c -I/usr/include/libxml2 -I/usr/include/libxml2  -g -O0 -DDEBUG -fvisibility=hidden   -DRCSID=\"$(IDGIT)\" -DENABLE_TLS conftest.c >&5
<command-line>: warning: missing terminating " character
configure:13429: $? = 0
configure:13429: result: yes
configure:13441: checking for uint64_t
configure:13441: gcc -c -I/usr/include/libxml2 -I/usr/include/libxml2  -g -O0 -DDEBUG -fvisibility=hidden   -DRCSID=\"$(IDGIT)\" -DENABLE_TLS conftest.c >&5
<command-line>: warning: missing terminating " character
configure:13441: $? = 0
configure:13441: result: yes
configure:13457: checking type of array argument to getgroups
configure:13491: gcc -o conftest -I/usr/include/libxml2 -I/usr/include/libxml2  -g -O0 -DDEBUG -fvisibility=hidden   -DRCSID=\"$(IDGIT)\" -DENABLE_TLS  conftest.c -lcurl  -lssl -lssh_threads -lssh -L/usr/lib64 -lxslt -lxml2 -lz -lm -lxml2 -lz -lm  -ldl -lssl >&5
<command-line>: warning: missing terminating " character
configure:13491: $? = 0
configure:13491: ./conftest
configure:13491: $? = 0
configure:13516: result: gid_t
configure:13524: checking for getgroups
configure:13524: gcc -o conftest -I/usr/include/libxml2 -I/usr/include/libxml2  -g -O0 -DDEBUG -fvisibility=hidden   -DRCSID=\"$(IDGIT)\" -DENABLE_TLS  conftest.c -lcurl  -lssl -lssh_threads -lssh -L/usr/lib64 -lxslt -lxml2 -lz -lm -lxml2 -lz -lm  -ldl -lssl >&5
<command-line>: warning: missing terminating " character
configure:13524: $? = 0
configure:13524: result: yes
configure:13579: checking for working getgroups
configure:13599: gcc -o conftest -I/usr/include/libxml2 -I/usr/include/libxml2  -g -O0 -DDEBUG -fvisibility=hidden   -DRCSID=\"$(IDGIT)\" -DENABLE_TLS  conftest.c -lcurl  -lssl -lssh_threads -lssh -L/usr/lib64 -lxslt -lxml2 -lz -lm -lxml2 -lz -lm  -ldl -lssl >&5
<command-line>: warning: missing terminating " character
configure:13599: $? = 0
configure:13599: ./conftest
configure:13599: $? = 0
configure:13610: result: yes
configure:13624: checking for stdlib.h
configure:13624: result: yes
configure:13634: checking for GNU libc compatible malloc
configure:13658: gcc -o conftest -I/usr/include/libxml2 -I/usr/include/libxml2  -g -O0 -DDEBUG -fvisibility=hidden   -DRCSID=\"$(IDGIT)\" -DENABLE_TLS  conftest.c -lcurl  -lssl -lssh_threads -lssh -L/usr/lib64 -lxslt -lxml2 -lz -lm -lxml2 -lz -lm  -ldl -lssl >&5
<command-line>: warning: missing terminating " character
configure:13658: $? = 0
configure:13658: ./conftest
configure:13658: $? = 0
configure:13668: result: yes
configure:13695: checking for stdlib.h
configure:13695: result: yes
configure:13695: checking for unistd.h
configure:13695: result: yes
configure:13695: checking for sys/param.h
configure:13695: gcc -c -I/usr/include/libxml2 -I/usr/include/libxml2  -g -O0 -DDEBUG -fvisibility=hidden   -DRCSID=\"$(IDGIT)\" -DENABLE_TLS conftest.c >&5
<command-line>: warning: missing terminating " character
configure:13695: $? = 0
configure:13695: result: yes
configure:13715: checking for getpagesize
configure:13715: gcc -o conftest -I/usr/include/libxml2 -I/usr/include/libxml2  -g -O0 -DDEBUG -fvisibility=hidden   -DRCSID=\"$(IDGIT)\" -DENABLE_TLS  conftest.c -lcurl  -lssl -lssh_threads -lssh -L/usr/lib64 -lxslt -lxml2 -lz -lm -lxml2 -lz -lm  -ldl -lssl >&5
<command-line>: warning: missing terminating " character
configure:13715: $? = 0
configure:13715: result: yes
configure:13724: checking for working mmap
configure:13871: gcc -o conftest -I/usr/include/libxml2 -I/usr/include/libxml2  -g -O0 -DDEBUG -fvisibility=hidden   -DRCSID=\"$(IDGIT)\" -DENABLE_TLS  conftest.c -lcurl  -lssl -lssh_threads -lssh -L/usr/lib64 -lxslt -lxml2 -lz -lm -lxml2 -lz -lm  -ldl -lssl >&5
<command-line>: warning: missing terminating " character
configure:13871: $? = 0
configure:13871: ./conftest
configure:13871: $? = 0
configure:13881: result: yes
configure:13892: checking for stdlib.h
configure:13892: result: yes
configure:13902: checking for GNU libc compatible realloc
configure:13926: gcc -o conftest -I/usr/include/libxml2 -I/usr/include/libxml2  -g -O0 -DDEBUG -fvisibility=hidden   -DRCSID=\"$(IDGIT)\" -DENABLE_TLS  conftest.c -lcurl  -lssl -lssh_threads -lssh -L/usr/lib64 -lxslt -lxml2 -lz -lm -lxml2 -lz -lm  -ldl -lssl >&5
<command-line>: warning: missing terminating " character
configure:13926: $? = 0
configure:13926: ./conftest
configure:13926: $? = 0
configure:13936: result: yes
configure:13960: checking for ftruncate
configure:13960: gcc -o conftest -I/usr/include/libxml2 -I/usr/include/libxml2  -g -O0 -DDEBUG -fvisibility=hidden   -DRCSID=\"$(IDGIT)\" -DENABLE_TLS  conftest.c -lcurl  -lssl -lssh_threads -lssh -L/usr/lib64 -lxslt -lxml2 -lz -lm -lxml2 -lz -lm  -ldl -lssl >&5
<command-line>: warning: missing terminating " character
configure:13960: $? = 0
configure:13960: result: yes
configure:13960: checking for memset
configure:13960: gcc -o conftest -I/usr/include/libxml2 -I/usr/include/libxml2  -g -O0 -DDEBUG -fvisibility=hidden   -DRCSID=\"$(IDGIT)\" -DENABLE_TLS  conftest.c -lcurl  -lssl -lssh_threads -lssh -L/usr/lib64 -lxslt -lxml2 -lz -lm -lxml2 -lz -lm  -ldl -lssl >&5
<command-line>: warning: missing terminating " character
conftest.c:80: warning: conflicting types for built-in function 'memset'
configure:13960: $? = 0
configure:13960: result: yes
configure:13960: checking for mkdir
configure:13960: gcc -o conftest -I/usr/include/libxml2 -I/usr/include/libxml2  -g -O0 -DDEBUG -fvisibility=hidden   -DRCSID=\"$(IDGIT)\" -DENABLE_TLS  conftest.c -lcurl  -lssl -lssh_threads -lssh -L/usr/lib64 -lxslt -lxml2 -lz -lm -lxml2 -lz -lm  -ldl -lssl >&5
<command-line>: warning: missing terminating " character
configure:13960: $? = 0
configure:13960: result: yes
configure:13960: checking for munmap
configure:13960: gcc -o conftest -I/usr/include/libxml2 -I/usr/include/libxml2  -g -O0 -DDEBUG -fvisibility=hidden   -DRCSID=\"$(IDGIT)\" -DENABLE_TLS  conftest.c -lcurl  -lssl -lssh_threads -lssh -L/usr/lib64 -lxslt -lxml2 -lz -lm -lxml2 -lz -lm  -ldl -lssl >&5
<command-line>: warning: missing terminating " character
configure:13960: $? = 0
configure:13960: result: yes
configure:13960: checking for socket
configure:13960: gcc -o conftest -I/usr/include/libxml2 -I/usr/include/libxml2  -g -O0 -DDEBUG -fvisibility=hidden   -DRCSID=\"$(IDGIT)\" -DENABLE_TLS  conftest.c -lcurl  -lssl -lssh_threads -lssh -L/usr/lib64 -lxslt -lxml2 -lz -lm -lxml2 -lz -lm  -ldl -lssl >&5
<command-line>: warning: missing terminating " character
configure:13960: $? = 0
configure:13960: result: yes
configure:13960: checking for strcasecmp
configure:13960: gcc -o conftest -I/usr/include/libxml2 -I/usr/include/libxml2  -g -O0 -DDEBUG -fvisibility=hidden   -DRCSID=\"$(IDGIT)\" -DENABLE_TLS  conftest.c -lcurl  -lssl -lssh_threads -lssh -L/usr/lib64 -lxslt -lxml2 -lz -lm -lxml2 -lz -lm  -ldl -lssl >&5
<command-line>: warning: missing terminating " character
conftest.c:84: warning: conflicting types for built-in function 'strcasecmp'
configure:13960: $? = 0
configure:13960: result: yes
configure:13960: checking for strchr
configure:13960: gcc -o conftest -I/usr/include/libxml2 -I/usr/include/libxml2  -g -O0 -DDEBUG -fvisibility=hidden   -DRCSID=\"$(IDGIT)\" -DENABLE_TLS  conftest.c -lcurl  -lssl -lssh_threads -lssh -L/usr/lib64 -lxslt -lxml2 -lz -lm -lxml2 -lz -lm  -ldl -lssl >&5
<command-line>: warning: missing terminating " character
conftest.c:85: warning: conflicting types for built-in function 'strchr'
configure:13960: $? = 0
configure:13960: result: yes
configure:13960: checking for strdup
configure:13960: gcc -o conftest -I/usr/include/libxml2 -I/usr/include/libxml2  -g -O0 -DDEBUG -fvisibility=hidden   -DRCSID=\"$(IDGIT)\" -DENABLE_TLS  conftest.c -lcurl  -lssl -lssh_threads -lssh -L/usr/lib64 -lxslt -lxml2 -lz -lm -lxml2 -lz -lm  -ldl -lssl >&5
<command-line>: warning: missing terminating " character
conftest.c:86: warning: conflicting types for built-in function 'strdup'
configure:13960: $? = 0
configure:13960: result: yes
configure:13960: checking for strerror
configure:13960: gcc -o conftest -I/usr/include/libxml2 -I/usr/include/libxml2  -g -O0 -DDEBUG -fvisibility=hidden   -DRCSID=\"$(IDGIT)\" -DENABLE_TLS  conftest.c -lcurl  -lssl -lssh_threads -lssh -L/usr/lib64 -lxslt -lxml2 -lz -lm -lxml2 -lz -lm  -ldl -lssl >&5
<command-line>: warning: missing terminating " character
configure:13960: $? = 0
configure:13960: result: yes
configure:13960: checking for strrchr
configure:13960: gcc -o conftest -I/usr/include/libxml2 -I/usr/include/libxml2  -g -O0 -DDEBUG -fvisibility=hidden   -DRCSID=\"$(IDGIT)\" -DENABLE_TLS  conftest.c -lcurl  -lssl -lssh_threads -lssh -L/usr/lib64 -lxslt -lxml2 -lz -lm -lxml2 -lz -lm  -ldl -lssl >&5
<command-line>: warning: missing terminating " character
conftest.c:88: warning: conflicting types for built-in function 'strrchr'
configure:13960: $? = 0
configure:13960: result: yes
configure:13960: checking for strstr
configure:13960: gcc -o conftest -I/usr/include/libxml2 -I/usr/include/libxml2  -g -O0 -DDEBUG -fvisibility=hidden   -DRCSID=\"$(IDGIT)\" -DENABLE_TLS  conftest.c -lcurl  -lssl -lssh_threads -lssh -L/usr/lib64 -lxslt -lxml2 -lz -lm -lxml2 -lz -lm  -ldl -lssl >&5
<command-line>: warning: missing terminating " character
conftest.c:89: warning: conflicting types for built-in function 'strstr'
configure:13960: $? = 0
configure:13960: result: yes
configure:13960: checking for strtol
configure:13960: gcc -o conftest -I/usr/include/libxml2 -I/usr/include/libxml2  -g -O0 -DDEBUG -fvisibility=hidden   -DRCSID=\"$(IDGIT)\" -DENABLE_TLS  conftest.c -lcurl  -lssl -lssh_threads -lssh -L/usr/lib64 -lxslt -lxml2 -lz -lm -lxml2 -lz -lm  -ldl -lssl >&5
<command-line>: warning: missing terminating " character
configure:13960: $? = 0
configure:13960: result: yes
configure:13960: checking for strtoul
configure:13960: gcc -o conftest -I/usr/include/libxml2 -I/usr/include/libxml2  -g -O0 -DDEBUG -fvisibility=hidden   -DRCSID=\"$(IDGIT)\" -DENABLE_TLS  conftest.c -lcurl  -lssl -lssh_threads -lssh -L/usr/lib64 -lxslt -lxml2 -lz -lm -lxml2 -lz -lm  -ldl -lssl >&5
<command-line>: warning: missing terminating " character
configure:13960: $? = 0
configure:13960: result: yes
configure:13982: checking for eaccess
configure:13982: gcc -o conftest -I/usr/include/libxml2 -I/usr/include/libxml2  -g -O0 -DDEBUG -fvisibility=hidden   -DRCSID=\"$(IDGIT)\" -DENABLE_TLS  conftest.c -lcurl  -lssl -lssh_threads -lssh -L/usr/lib64 -lxslt -lxml2 -lz -lm -lxml2 -lz -lm  -ldl -lssl >&5
<command-line>: warning: missing terminating " character
configure:13982: $? = 0
configure:13982: result: yes
configure:13991: checking for shmc
configure:13991: gcc -o conftest -I/usr/include/libxml2 -I/usr/include/libxml2  -g -O0 -DDEBUG -fvisibility=hidden   -DRCSID=\"$(IDGIT)\" -DENABLE_TLS  conftest.c -lcurl  -lssl -lssh_threads -lssh -L/usr/lib64 -lxslt -lxml2 -lz -lm -lxml2 -lz -lm  -ldl -lssl >&5
<command-line>: warning: missing terminating " character
/tmp/ccpx8g43.o: In function `main':
/root/netconf/libnetconf-master/conftest.c:103: undefined reference to `shmc'
collect2: ld returned 1 exit status
configure:13991: $? = 1
configure: failed program was:
| /* confdefs.h */
| #define PACKAGE_NAME "libnetconf"
| #define PACKAGE_TARNAME "libnetconf"
| #define PACKAGE_VERSION "0.10.0"
| #define PACKAGE_STRING "libnetconf 0.10.0"
| #define PACKAGE_BUGREPORT ""
| #define PACKAGE_URL ""
| #define STDC_HEADERS 1
| #define HAVE_SYS_TYPES_H 1
| #define HAVE_SYS_STAT_H 1
| #define HAVE_STDLIB_H 1
| #define HAVE_STRING_H 1
| #define HAVE_MEMORY_H 1
| #define HAVE_STRINGS_H 1
| #define HAVE_INTTYPES_H 1
| #define HAVE_STDINT_H 1
| #define HAVE_UNISTD_H 1
| #define HAVE_DLFCN_H 1
| #define LT_OBJDIR ".libs/"
| #define HAVE_LIBSSH 1
| #define HAVE_LIBSSH_LIBSSH_H 1
| #define HAVE_LIBSSH_THREADS 1
| #define HAVE_LIBSSL 1
| #define HAVE_OPENSSL_BIO_H 1
| #define HAVE_OPENSSL_SSL_H 1
| #define HAVE_OPENSSL_ERR_H 1
| #define HAVE_OPENSSL_PEM_H 1
| #define HAVE_PTHREAD_H 1
| #define HAVE_LIBCURL 1
| #define HAVE_CURL_CURL_H 1
| #define HAVE_FCNTL_H 1
| #define HAVE_LIMITS_H 1
| #define HAVE_NETDB_H 1
| #define HAVE_STDDEF_H 1
| #define HAVE_STDINT_H 1
| #define HAVE_STDLIB_H 1
| #define HAVE_STRING_H 1
| #define HAVE_SYS_FILE_H 1
| #define HAVE_SYS_SOCKET_H 1
| #define HAVE_TERMIOS_H 1
| #define HAVE_UNISTD_H 1
| #define HAVE_UTMPX_H 1
| #define HAVE__BOOL 1
| #define GETGROUPS_T gid_t
| #define HAVE_GETGROUPS 1
| #define HAVE_STDLIB_H 1
| #define HAVE_MALLOC 1
| #define HAVE_STDLIB_H 1
| #define HAVE_UNISTD_H 1
| #define HAVE_SYS_PARAM_H 1
| #define HAVE_GETPAGESIZE 1
| #define HAVE_MMAP 1
| #define HAVE_STDLIB_H 1
| #define HAVE_REALLOC 1
| #define HAVE_FTRUNCATE 1
| #define HAVE_MEMSET 1
| #define HAVE_MKDIR 1
| #define HAVE_MUNMAP 1
| #define HAVE_SOCKET 1
| #define HAVE_STRCASECMP 1
| #define HAVE_STRCHR 1
| #define HAVE_STRDUP 1
| #define HAVE_STRERROR 1
| #define HAVE_STRRCHR 1
| #define HAVE_STRSTR 1
| #define HAVE_STRTOL 1
| #define HAVE_STRTOUL 1
| /* end confdefs.h.  */
| /* Define shmc to an innocuous variant, in case <limits.h> declares shmc.
|    For example, HP-UX 11i <limits.h> declares gettimeofday.  */
| #define shmc innocuous_shmc
| 
| /* System header to define __stub macros and hopefully few prototypes,
|     which can conflict with char shmc (); below.
|     Prefer <limits.h> to <assert.h> if __STDC__ is defined, since
|     <limits.h> exists even on freestanding compilers.  */
| 
| #ifdef __STDC__
| # include <limits.h>
| #else
| # include <assert.h>
| #endif
| 
| #undef shmc
| 
| /* Override any GCC internal prototype to avoid an error.
|    Use char because int might match the return type of a GCC
|    builtin and then its argument prototype would still apply.  */
| #ifdef __cplusplus
| extern "C"
| #endif
| char shmc ();
| /* The GNU C library defines this for functions which it implements
|     to always fail with ENOSYS.  Some functions are actually named
|     something starting with __ and the normal name is an alias.  */
| #if defined __stub_shmc || defined __stub___shmc
| choke me
| #endif
| 
| int
| main ()
| {
| return shmc ();
|   ;
|   return 0;
| }
configure:13991: result: no
configure:13998: checking for shm_open
configure:13998: gcc -o conftest -I/usr/include/libxml2 -I/usr/include/libxml2  -g -O0 -DDEBUG -fvisibility=hidden   -DRCSID=\"$(IDGIT)\" -DENABLE_TLS  conftest.c -lcurl  -lssl -lssh_threads -lssh -L/usr/lib64 -lxslt -lxml2 -lz -lm -lxml2 -lz -lm  -ldl -lssl -lrt >&5
<command-line>: warning: missing terminating " character
configure:13998: $? = 0
configure:13998: result: yes
configure:14055: checking for dot
configure:14083: result: NO
configure:14272: creating ./config.status

## ---------------------- ##
## Running config.status. ##
## ---------------------- ##

This file was extended by libnetconf config.status 0.10.0, which was
generated by GNU Autoconf 2.69.  Invocation command line was

  CONFIG_FILES    = 
  CONFIG_HEADERS  = 
  CONFIG_LINKS    = 
  CONFIG_COMMANDS = 
  $ ./config.status 

on netopeer-gui

config.status:1040: creating dev-tools/lncdatastore/Makefile
config.status:1040: creating Makefile
config.status:1040: creating src/config.h
config.status:1040: creating libnetconf.spec
config.status:1040: creating libnetconf.pc
config.status:1040: creating Doxyfile
config.status:1040: creating headers/libnetconf.h
config.status:1040: creating headers/libnetconf_xml.h
config.status:1040: creating headers/libnetconf_ssh.h
config.status:1206: executing libtool commands

## ---------------- ##
## Cache variables. ##
## ---------------- ##

ac_cv_build=x86_64-unknown-linux-gnu
ac_cv_c_compiler_gnu=yes
ac_cv_c_inline=inline
ac_cv_c_int32_t=yes
ac_cv_c_uint16_t=yes
ac_cv_c_uint64_t=yes
ac_cv_c_uint8_t=yes
ac_cv_env_CC_set=
ac_cv_env_CC_value=
ac_cv_env_CFLAGS_set=
ac_cv_env_CFLAGS_value=
ac_cv_env_CPPFLAGS_set=
ac_cv_env_CPPFLAGS_value=
ac_cv_env_CPP_set=
ac_cv_env_CPP_value=
ac_cv_env_CURL_CFLAGS_set=
ac_cv_env_CURL_CFLAGS_value=
ac_cv_env_CURL_LIBS_set=
ac_cv_env_CURL_LIBS_value=
ac_cv_env_LDFLAGS_set=
ac_cv_env_LDFLAGS_value=
ac_cv_env_LIBS_set=
ac_cv_env_LIBS_value=
ac_cv_env_PKG_CONFIG_LIBDIR_set=
ac_cv_env_PKG_CONFIG_LIBDIR_value=
ac_cv_env_PKG_CONFIG_PATH_set=
ac_cv_env_PKG_CONFIG_PATH_value=
ac_cv_env_PKG_CONFIG_set=
ac_cv_env_PKG_CONFIG_value=
ac_cv_env_build_alias_set=
ac_cv_env_build_alias_value=
ac_cv_env_host_alias_set=
ac_cv_env_host_alias_value=
ac_cv_env_target_alias_set=
ac_cv_env_target_alias_value=
ac_cv_func_eaccess=yes
ac_cv_func_ftruncate=yes
ac_cv_func_getgroups=yes
ac_cv_func_getgroups_works=yes
ac_cv_func_getpagesize=yes
ac_cv_func_malloc_0_nonnull=yes
ac_cv_func_memset=yes
ac_cv_func_mkdir=yes
ac_cv_func_mmap_fixed_mapped=yes
ac_cv_func_munmap=yes
ac_cv_func_realloc_0_nonnull=yes
ac_cv_func_shm_open=yes
ac_cv_func_shmc=no
ac_cv_func_socket=yes
ac_cv_func_strcasecmp=yes
ac_cv_func_strchr=yes
ac_cv_func_strdup=yes
ac_cv_func_strerror=yes
ac_cv_func_strrchr=yes
ac_cv_func_strstr=yes
ac_cv_func_strtol=yes
ac_cv_func_strtoul=yes
ac_cv_header_curl_curl_h=yes
ac_cv_header_dlfcn_h=yes
ac_cv_header_fcntl_h=yes
ac_cv_header_inttypes_h=yes
ac_cv_header_libssh_libssh_h=yes
ac_cv_header_limits_h=yes
ac_cv_header_memory_h=yes
ac_cv_header_netdb_h=yes
ac_cv_header_openssl_bio_h=yes
ac_cv_header_openssl_err_h=yes
ac_cv_header_openssl_pem_h=yes
ac_cv_header_openssl_ssl_h=yes
ac_cv_header_pthread_h=yes
ac_cv_header_stdbool_h=yes
ac_cv_header_stdc=yes
ac_cv_header_stddef_h=yes
ac_cv_header_stdint_h=yes
ac_cv_header_stdlib_h=yes
ac_cv_header_string_h=yes
ac_cv_header_strings_h=yes
ac_cv_header_sys_file_h=yes
ac_cv_header_sys_param_h=yes
ac_cv_header_sys_socket_h=yes
ac_cv_header_sys_stat_h=yes
ac_cv_header_sys_types_h=yes
ac_cv_header_termios_h=yes
ac_cv_header_unistd_h=yes
ac_cv_header_utmpx_h=yes
ac_cv_host=x86_64-unknown-linux-gnu
ac_cv_lib_curl_curl_global_init=yes
ac_cv_lib_ssh_ssh_pki_key_ecdsa_name=yes
ac_cv_lib_ssh_threads_ssh_threads_get_pthread=yes
ac_cv_lib_ssl_SSL_library_init=yes
ac_cv_lib_xml2_xmlDOMWrapReconcileNamespaces=yes
ac_cv_objext=o
ac_cv_path_EGREP='/bin/grep -E'
ac_cv_path_FGREP='/bin/grep -F'
ac_cv_path_GREP=/bin/grep
ac_cv_path_PKG_CONFIG=/usr/bin/pkg-config
ac_cv_path_SED=/bin/sed
ac_cv_path_install='/usr/bin/install -c'
ac_cv_prog_AWK=gawk
ac_cv_prog_CPP='gcc -E'
ac_cv_prog_DOXYGEN=doxygen
ac_cv_prog_GRAPHS=NO
ac_cv_prog_HAVE_PYANG=yes
ac_cv_prog_HAVE_XSLTPROC=yes
ac_cv_prog_LIBT=yes
ac_cv_prog_READLINK=readlink
ac_cv_prog_RPMBUILD=rpmbuild
ac_cv_prog_XML2_CONFIG=yes
ac_cv_prog_XSLT_CONFIG=yes
ac_cv_prog_ac_ct_AR=ar
ac_cv_prog_ac_ct_CC=gcc
ac_cv_prog_ac_ct_OBJDUMP=objdump
ac_cv_prog_ac_ct_RANLIB=ranlib
ac_cv_prog_ac_ct_STRIP=strip
ac_cv_prog_cc_c89=
ac_cv_prog_cc_g=yes
ac_cv_search_sem_init='none required'
ac_cv_type__Bool=yes
ac_cv_type_getgroups=gid_t
ac_cv_type_mode_t=yes
ac_cv_type_off_t=yes
ac_cv_type_pid_t=yes
ac_cv_type_size_t=yes
ac_cv_type_ssize_t=yes
ac_cv_type_uid_t=yes
ax_cv_PTHREAD_PRIO_INHERIT=no
lt_cv_ar_at_file=@
lt_cv_archive_cmds_need_lc=no
lt_cv_deplibs_check_method=pass_all
lt_cv_file_magic_cmd='$MAGIC_CMD'
lt_cv_file_magic_test_file=
lt_cv_ld_reload_flag=-r
lt_cv_nm_interface='BSD nm'
lt_cv_objdir=.libs
lt_cv_path_LD=/usr/bin/ld
lt_cv_path_NM='/usr/bin/nm -B'
lt_cv_path_mainfest_tool=no
lt_cv_prog_compiler_c_o=yes
lt_cv_prog_compiler_pic='-fPIC -DPIC'
lt_cv_prog_compiler_pic_works=yes
lt_cv_prog_compiler_rtti_exceptions=no
lt_cv_prog_compiler_static_works=no
lt_cv_prog_gnu_ld=yes
lt_cv_sharedlib_from_linklib_cmd='printf %s\n'
lt_cv_shlibpath_overrides_runpath=no
lt_cv_sys_global_symbol_pipe='sed -n -e '\''s/^.*[	 ]\([ABCDGIRSTW][ABCDGIRSTW]*\)[	 ][	 ]*\([_A-Za-z][_A-Za-z0-9]*\)$/\1 \2 \2/p'\'' | sed '\''/ __gnu_lto/d'\'''
lt_cv_sys_global_symbol_to_c_name_address='sed -n -e '\''s/^: \([^ ]*\)[ ]*$/  {\"\1\", (void *) 0},/p'\'' -e '\''s/^[ABCDGIRSTW]* \([^ ]*\) \([^ ]*\)$/  {"\2", (void *) \&\2},/p'\'''
lt_cv_sys_global_symbol_to_c_name_address_lib_prefix='sed -n -e '\''s/^: \([^ ]*\)[ ]*$/  {\"\1\", (void *) 0},/p'\'' -e '\''s/^[ABCDGIRSTW]* \([^ ]*\) \(lib[^ ]*\)$/  {"\2", (void *) \&\2},/p'\'' -e '\''s/^[ABCDGIRSTW]* \([^ ]*\) \([^ ]*\)$/  {"lib\2", (void *) \&\2},/p'\'''
lt_cv_sys_global_symbol_to_cdecl='sed -n -e '\''s/^T .* \(.*\)$/extern int \1();/p'\'' -e '\''s/^[ABCDGIRSTW]* .* \(.*\)$/extern char \1;/p'\'''
lt_cv_sys_max_cmd_len=1966080
lt_cv_to_host_file_cmd=func_convert_file_noop
lt_cv_to_tool_file_cmd=func_convert_file_noop
pkg_cv_CURL_CFLAGS=' '
pkg_cv_CURL_LIBS='-lcurl  '

## ----------------- ##
## Output variables. ##
## ----------------- ##

API='__attribute__((visibility("default")))'
AR='ar'
AWK='gawk'
BUILDREQS=' libssh-devel >= 0.6.4 openssl-devel >= 1.0.0 libcurl-devel'
CC='gcc'
CFLAGS='-I/usr/include/libxml2 -I/usr/include/libxml2  -g -O0 -DDEBUG -fvisibility=hidden '
CONFIGURE_PARAMS='--enable-debug --enable-tls '
CPP='gcc -E'
CPPFLAGS=' -DRCSID=\"$(IDGIT)\" -DENABLE_TLS -DPOSIX_SHM'
CURL_CFLAGS=' '
CURL_LIBS='-lcurl  '
DEFS='-DPACKAGE_NAME=\"libnetconf\" -DPACKAGE_TARNAME=\"libnetconf\" -DPACKAGE_VERSION=\"0.10.0\" -DPACKAGE_STRING=\"libnetconf\ 0.10.0\" -DPACKAGE_BUGREPORT=\"\" -DPACKAGE_URL=\"\" -DSTDC_HEADERS=1 -DHAVE_SYS_TYPES_H=1 -DHAVE_SYS_STAT_H=1 -DHAVE_STDLIB_H=1 -DHAVE_STRING_H=1 -DHAVE_MEMORY_H=1 -DHAVE_STRINGS_H=1 -DHAVE_INTTYPES_H=1 -DHAVE_STDINT_H=1 -DHAVE_UNISTD_H=1 -DHAVE_DLFCN_H=1 -DLT_OBJDIR=\".libs/\" -DHAVE_LIBSSH=1 -DHAVE_LIBSSH_LIBSSH_H=1 -DHAVE_LIBSSH_THREADS=1 -DHAVE_LIBSSL=1 -DHAVE_OPENSSL_BIO_H=1 -DHAVE_OPENSSL_SSL_H=1 -DHAVE_OPENSSL_ERR_H=1 -DHAVE_OPENSSL_PEM_H=1 -DHAVE_PTHREAD_H=1 -DHAVE_LIBCURL=1 -DHAVE_CURL_CURL_H=1 -DHAVE_FCNTL_H=1 -DHAVE_LIMITS_H=1 -DHAVE_NETDB_H=1 -DHAVE_STDDEF_H=1 -DHAVE_STDINT_H=1 -DHAVE_STDLIB_H=1 -DHAVE_STRING_H=1 -DHAVE_SYS_FILE_H=1 -DHAVE_SYS_SOCKET_H=1 -DHAVE_TERMIOS_H=1 -DHAVE_UNISTD_H=1 -DHAVE_UTMPX_H=1 -DHAVE__BOOL=1 -DGETGROUPS_T=gid_t -DHAVE_GETGROUPS=1 -DHAVE_STDLIB_H=1 -DHAVE_MALLOC=1 -DHAVE_STDLIB_H=1 -DHAVE_UNISTD_H=1 -DHAVE_SYS_PARAM_H=1 -DHAVE_GETPAGESIZE=1 -DHAVE_MMAP=1 -DHAVE_STDLIB_H=1 -DHAVE_REALLOC=1 -DHAVE_FTRUNCATE=1 -DHAVE_MEMSET=1 -DHAVE_MKDIR=1 -DHAVE_MUNMAP=1 -DHAVE_SOCKET=1 -DHAVE_STRCASECMP=1 -DHAVE_STRCHR=1 -DHAVE_STRDUP=1 -DHAVE_STRERROR=1 -DHAVE_STRRCHR=1 -DHAVE_STRSTR=1 -DHAVE_STRTOL=1 -DHAVE_STRTOUL=1 -DHAVE_SHM_OPEN=1'
DEVELREQS=' libssh-devel >= 0.6.4 openssl-devel >= 1.0.0'
DISTRO=''
DLLTOOL='false'
DOXYGEN='doxygen'
DSYMUTIL=''
DUMPBIN=''
ECHO_C=''
ECHO_N='-n'
ECHO_T=''
EGREP='/bin/grep -E'
EXEEXT=''
FGREP='/bin/grep -F'
GRAPHS='NO'
GREP='/bin/grep'
HAVE_EACCESS='#define HAVE_EACCESS'
HAVE_LIBXML2_RECONNS='#define HAVE_XMLDOMWRAPRECONCILENAMESPACE'
HAVE_PYANG='yes'
HAVE_UTMPX='#define HAVE_UTMPX_H'
HAVE_XSLTPROC='yes'
HDRS_PRIV_NOTIFICATIONS='src/notifications.h src/notifications_xml.h'
HDRS_PRIV_TLS='src/libnetconf_tls.h'
HDRS_PRIV_TRANSPORT='src/ssh.h src/tls.h'
HDRS_PRIV_URL='src/url_internal.h src/url.h'
HDRS_PUBL_SUBDIR_NOTIFICATIONS='src/notifications.h src/notifications_xml.h'
HDRS_PUBL_SUBDIR_URL='src/url.h'
HDRS_PUBL_TLS='headers/libnetconf_tls.h'
INCLUDE_NOTIFICATIONS='#include "libnetconf/notifications.h"'
INCLUDE_NOTIFICATIONS_XML='#include "libnetconf/notifications_xml.h"'
INCLUDE_URL='#include "libnetconf/url.h"'
INSTALL_DATA='${INSTALL} -m 644'
INSTALL_PROGRAM='${INSTALL}'
INSTALL_SCRIPT='${INSTALL}'
LD='/usr/bin/ld -m elf_x86_64'
LDFLAGS=''
LIBOBJS=''
LIBS='-lcurl  -lssl -lssh_threads -lssh -L/usr/lib64 -lxslt -lxml2 -lz -lm -lxml2 -lz -lm  -ldl -lssl -lrt'
LIBSSH_DIRECTIVE=''
LIBT='yes'
LIBTOOL='$(SHELL) $(top_builddir)/libtool'
LIBTOOL_VERSION_INFO='0:10:0'
LIBXML2_LIBS='-lxml2 -lz -lm'
LIPO=''
LNCTOOLDESTDIR='$(DESTDIR)'
LN_S='ln -s'
LTLIBOBJS=''
MANIFEST_TOOL=':'
NACM_RECOVERY_UID='0'
NC_WORKINGDIR_PATH='/var/lib/libnetconf/'
NM='/usr/bin/nm -B'
NMEDIT=''
OBJDUMP='objdump'
OBJEXT='o'
OTOOL64=''
OTOOL=''
PACKAGE_BUGREPORT=''
PACKAGE_NAME='libnetconf'
PACKAGE_STRING='libnetconf 0.10.0'
PACKAGE_TARNAME='libnetconf'
PACKAGE_URL=''
PACKAGE_VERSION='0.10.0'
PATH_SEPARATOR=':'
PKG_CONFIG='/usr/bin/pkg-config'
PKG_CONFIG_LIBDIR=''
PKG_CONFIG_PATH='/usr/local/lib64/pkgconfig:'
PROVIDES=' libnetconf-notifications libnetconf-url'
PTHREAD_CC='gcc'
PTHREAD_CFLAGS=''
PTHREAD_LIBS=''
PYPREFIX=''
PYTHON=''
RANLIB='ranlib'
READLINK='readlink'
RELEASE='0_trunk'
RPMBUILD='rpmbuild'
SED='/bin/sed'
SETBIT='0'
SETGROUP=''
SETUSER=''
SHELL='/bin/sh'
SRCS_NOTIFICATIONS='src/notifications.c'
SRCS_TRANSPORT='src/ssh.c src/tls.c'
SRCS_URL='src/url.c'
SSH_PROG=''
STRIP='strip'
UNAME=''
USERMAIL=''
USERNAME=''
V_SHLIB_CMD=''
V_SHLIB_OPT=''
V_SONAME_OPT=''
XML2_CONFIG='yes'
XSLT_CONFIG='yes'
ac_ct_AR='ar'
ac_ct_CC='gcc'
ac_ct_DUMPBIN=''
ax_pthread_config=''
bindir='${exec_prefix}/bin'
build='x86_64-unknown-linux-gnu'
build_alias=''
build_cpu='x86_64'
build_os='linux-gnu'
build_vendor='unknown'
datadir='${datarootdir}'
datarootdir='${prefix}/share'
docdir='${datarootdir}/doc/${PACKAGE_TARNAME}'
dvidir='${docdir}'
exec_prefix='${prefix}'
host='x86_64-unknown-linux-gnu'
host_alias=''
host_cpu='x86_64'
host_os='linux-gnu'
host_vendor='unknown'
htmldir='${docdir}'
includedir='${prefix}/include'
infodir='${datarootdir}/info'
libdir='/usr/lib64'
libexecdir='${exec_prefix}/libexec'
libtool='./libtool'
localedir='${datarootdir}/locale'
localstatedir='${prefix}/var'
mandir='${datarootdir}/man'
oldincludedir='/usr/include'
pdfdir='${docdir}'
prefix='/usr'
program_transform_name='s,x,x,'
psdir='${docdir}'
sbindir='${exec_prefix}/sbin'
sharedstatedir='${prefix}/com'
sysconfdir='${prefix}/etc'
target_alias=''

## ----------- ##
## confdefs.h. ##
## ----------- ##

/* confdefs.h */
#define PACKAGE_NAME "libnetconf"
#define PACKAGE_TARNAME "libnetconf"
#define PACKAGE_VERSION "0.10.0"
#define PACKAGE_STRING "libnetconf 0.10.0"
#define PACKAGE_BUGREPORT ""
#define PACKAGE_URL ""
#define STDC_HEADERS 1
#define HAVE_SYS_TYPES_H 1
#define HAVE_SYS_STAT_H 1
#define HAVE_STDLIB_H 1
#define HAVE_STRING_H 1
#define HAVE_MEMORY_H 1
#define HAVE_STRINGS_H 1
#define HAVE_INTTYPES_H 1
#define HAVE_STDINT_H 1
#define HAVE_UNISTD_H 1
#define HAVE_DLFCN_H 1
#define LT_OBJDIR ".libs/"
#define HAVE_LIBSSH 1
#define HAVE_LIBSSH_LIBSSH_H 1
#define HAVE_LIBSSH_THREADS 1
#define HAVE_LIBSSL 1
#define HAVE_OPENSSL_BIO_H 1
#define HAVE_OPENSSL_SSL_H 1
#define HAVE_OPENSSL_ERR_H 1
#define HAVE_OPENSSL_PEM_H 1
#define HAVE_PTHREAD_H 1
#define HAVE_LIBCURL 1
#define HAVE_CURL_CURL_H 1
#define HAVE_FCNTL_H 1
#define HAVE_LIMITS_H 1
#define HAVE_NETDB_H 1
#define HAVE_STDDEF_H 1
#define HAVE_STDINT_H 1
#define HAVE_STDLIB_H 1
#define HAVE_STRING_H 1
#define HAVE_SYS_FILE_H 1
#define HAVE_SYS_SOCKET_H 1
#define HAVE_TERMIOS_H 1
#define HAVE_UNISTD_H 1
#define HAVE_UTMPX_H 1
#define HAVE__BOOL 1
#define GETGROUPS_T gid_t
#define HAVE_GETGROUPS 1
#define HAVE_STDLIB_H 1
#define HAVE_MALLOC 1
#define HAVE_STDLIB_H 1
#define HAVE_UNISTD_H 1
#define HAVE_SYS_PARAM_H 1
#define HAVE_GETPAGESIZE 1
#define HAVE_MMAP 1
#define HAVE_STDLIB_H 1
#define HAVE_REALLOC 1
#define HAVE_FTRUNCATE 1
#define HAVE_MEMSET 1
#define HAVE_MKDIR 1
#define HAVE_MUNMAP 1
#define HAVE_SOCKET 1
#define HAVE_STRCASECMP 1
#define HAVE_STRCHR 1
#define HAVE_STRDUP 1
#define HAVE_STRERROR 1
#define HAVE_STRRCHR 1
#define HAVE_STRSTR 1
#define HAVE_STRTOL 1
#define HAVE_STRTOUL 1
#define HAVE_SHM_OPEN 1

configure: exit 0
